# JRE version: OpenJDK Runtime Environment (8.0_76-b03) (build 1.8.0_76-release-b03)
# Java VM: OpenJDK 64-Bit Server VM (25.76-b03 mixed mode windows-amd64 compressed oops)
Heap:
 PSYoungGen      total 232960K, used 109385K [0x00000000eab00000, 0x0000000100000000, 0x0000000100000000)
  eden space 116736K, 93% used [0x00000000eab00000,0x00000000f15d2608,0x00000000f1d00000)
  from space 116224K, 0% used [0x00000000f1d00000,0x00000000f1d00000,0x00000000f8e80000)
  to   space 116224K, 0% used [0x00000000f8e80000,0x00000000f8e80000,0x0000000100000000)
 ParOldGen       total 441856K, used 265281K [0x00000000c0000000, 0x00000000daf80000, 0x00000000eab00000)
  object space 441856K, 60% used [0x00000000c0000000,0x00000000d03104d8,0x00000000daf80000)
 Metaspace       used 6445K, capacity 7218K, committed 7296K, reserved 1056768K
  class space    used 598K, capacity 618K, committed 640K, reserved 1048576K
GC Heap History (10 events):
Event: 38.659 GC heap before
{Heap before GC invocations=16 (full 4):
 PSYoungGen      total 237056K, used 124928K [0x00000000eab00000, 0x0000000100000000, 0x0000000100000000)
  eden space 124928K, 100% used [0x00000000eab00000,0x00000000f2500000,0x00000000f2500000)
  from space 112128K, 0% used [0x00000000f2500000,0x00000000f2500000,0x00000000f9280000)
  to   space 105472K, 0% used [0x00000000f9900000,0x00000000f9900000,0x0000000100000000)
 ParOldGen       total 245248K, used 123754K [0x00000000c0000000, 0x00000000cef80000, 0x00000000eab00000)
  object space 245248K, 50% used [0x00000000c0000000,0x00000000c78dabd8,0x00000000cef80000)
 Metaspace       used 6438K, capacity 7218K, committed 7296K, reserved 1056768K
  class space    used 596K, capacity 618K, committed 640K, reserved 1048576K
Event: 38.753 GC heap after
Heap after GC invocations=16 (full 4):
 PSYoungGen      total 218112K, used 33251K [0x00000000eab00000, 0x00000000fed80000, 0x0000000100000000)
  eden space 131584K, 0% used [0x00000000eab00000,0x00000000eab00000,0x00000000f2b80000)
  from space 86528K, 38% used [0x00000000f9900000,0x00000000fb978fe0,0x00000000fed80000)
  to   space 99328K, 0% used [0x00000000f2b80000,0x00000000f2b80000,0x00000000f8c80000)
 ParOldGen       total 245248K, used 123762K [0x00000000c0000000, 0x00000000cef80000, 0x00000000eab00000)
  object space 245248K, 50% used [0x00000000c0000000,0x00000000c78dcbd8,0x00000000cef80000)
 Metaspace       used 6438K, capacity 7218K, committed 7296K, reserved 1056768K
  class space    used 596K, capacity 618K, committed 640K, reserved 1048576K
}
Event: 39.030 GC heap before
{Heap before GC invocations=17 (full 4):
 PSYoungGen      total 218112K, used 164835K [0x00000000eab00000, 0x00000000fed80000, 0x0000000100000000)
  eden space 131584K, 100% used [0x00000000eab00000,0x00000000f2b80000,0x00000000f2b80000)
  from space 86528K, 38% used [0x00000000f9900000,0x00000000fb978fe0,0x00000000fed80000)
  to   space 99328K, 0% used [0x00000000f2b80000,0x00000000f2b80000,0x00000000f8c80000)
 ParOldGen       total 245248K, used 123762K [0x00000000c0000000, 0x00000000cef80000, 0x00000000eab00000)
  object space 245248K, 50% used [0x00000000c0000000,0x00000000c78dcbd8,0x00000000cef80000)
 Metaspace       used 6438K, capacity 7218K, committed 7296K, reserved 1056768K
  class space    used 596K, capacity 618K, committed 640K, reserved 1048576K
Event: 39.180 GC heap after
Heap after GC invocations=17 (full 4):
 PSYoungGen      total 230912K, used 99323K [0x00000000eab00000, 0x0000000100000000, 0x0000000100000000)
  eden space 131584K, 0% used [0x00000000eab00000,0x00000000eab00000,0x00000000f2b80000)
  from space 99328K, 99% used [0x00000000f2b80000,0x00000000f8c7ef70,0x00000000f8c80000)
  to   space 116224K, 0% used [0x00000000f8e80000,0x00000000f8e80000,0x0000000100000000)
 ParOldGen       total 245248K, used 134226K [0x00000000c0000000, 0x00000000cef80000, 0x00000000eab00000)
  object space 245248K, 54% used [0x00000000c0000000,0x00000000c8314bd8,0x00000000cef80000)
 Metaspace       used 6438K, capacity 7218K, committed 7296K, reserved 1056768K
  class space    used 596K, capacity 618K, committed 640K, reserved 1048576K
}
Event: 39.291 GC heap before
{Heap before GC invocations=18 (full 4):
 PSYoungGen      total 230912K, used 230907K [0x00000000eab00000, 0x0000000100000000, 0x0000000100000000)
  eden space 131584K, 100% used [0x00000000eab00000,0x00000000f2b80000,0x00000000f2b80000)
  from space 99328K, 99% used [0x00000000f2b80000,0x00000000f8c7ef70,0x00000000f8c80000)
  to   space 116224K, 0% used [0x00000000f8e80000,0x00000000f8e80000,0x0000000100000000)
 ParOldGen       total 245248K, used 134226K [0x00000000c0000000, 0x00000000cef80000, 0x00000000eab00000)
  object space 245248K, 54% used [0x00000000c0000000,0x00000000c8314bd8,0x00000000cef80000)
 Metaspace       used 6438K, capacity 7218K, committed 7296K, reserved 1056768K
  class space    used 596K, capacity 618K, committed 640K, reserved 1048576K
Event: 39.419 GC heap after
Heap after GC invocations=18 (full 4):
 PSYoungGen      total 232960K, used 116207K [0x00000000eab00000, 0x0000000100000000, 0x0000000100000000)
  eden space 116736K, 0% used [0x00000000eab00000,0x00000000eab00000,0x00000000f1d00000)
  from space 116224K, 99% used [0x00000000f8e80000,0x00000000ffffbee0,0x0000000100000000)
  to   space 116224K, 0% used [0x00000000f1d00000,0x00000000f1d00000,0x00000000f8e80000)
 ParOldGen       total 245248K, used 181605K [0x00000000c0000000, 0x00000000cef80000, 0x00000000eab00000)
  object space 245248K, 74% used [0x00000000c0000000,0x00000000cb1594b8,0x00000000cef80000)
 Metaspace       used 6438K, capacity 7218K, committed 7296K, reserved 1056768K
  class space    used 596K, capacity 618K, committed 640K, reserved 1048576K
}
Event: 39.886 GC heap before
{Heap before GC invocations=19 (full 4):
 PSYoungGen      total 232960K, used 232943K [0x00000000eab00000, 0x0000000100000000, 0x0000000100000000)
  eden space 116736K, 100% used [0x00000000eab00000,0x00000000f1d00000,0x00000000f1d00000)
  from space 116224K, 99% used [0x00000000f8e80000,0x00000000ffffbee0,0x0000000100000000)
  to   space 116224K, 0% used [0x00000000f1d00000,0x00000000f1d00000,0x00000000f8e80000)
 ParOldGen       total 245248K, used 181605K [0x00000000c0000000, 0x00000000cef80000, 0x00000000eab00000)
  object space 245248K, 74% used [0x00000000c0000000,0x00000000cb1594b8,0x00000000cef80000)
 Metaspace       used 6444K, capacity 7218K, committed 7296K, reserved 1056768K
  class space    used 598K, capacity 618K, committed 640K, reserved 1048576K
Event: 40.121 GC heap after
Heap after GC invocations=19 (full 4):
 PSYoungGen      total 232960K, used 24514K [0x00000000eab00000, 0x0000000100000000, 0x0000000100000000)
  eden space 116736K, 0% used [0x00000000eab00000,0x00000000eab00000,0x00000000f1d00000)
  from space 116224K, 21% used [0x00000000f1d00000,0x00000000f34f0ac0,0x00000000f8e80000)
  to   space 116224K, 0% used [0x00000000f8e80000,0x00000000f8e80000,0x0000000100000000)
 ParOldGen       total 299008K, used 298059K [0x00000000c0000000, 0x00000000d2400000, 0x00000000eab00000)
  object space 299008K, 99% used [0x00000000c0000000,0x00000000d2312f10,0x00000000d2400000)
 Metaspace       used 6444K, capacity 7218K, committed 7296K, reserved 1056768K
  class space    used 598K, capacity 618K, committed 640K, reserved 1048576K
}
Event: 40.121 GC heap before
{Heap before GC invocations=20 (full 5):
 PSYoungGen      total 232960K, used 24514K [0x00000000eab00000, 0x0000000100000000, 0x0000000100000000)
  eden space 116736K, 0% used [0x00000000eab00000,0x00000000eab00000,0x00000000f1d00000)
  from space 116224K, 21% used [0x00000000f1d00000,0x00000000f34f0ac0,0x00000000f8e80000)
  to   space 116224K, 0% used [0x00000000f8e80000,0x00000000f8e80000,0x0000000100000000)
 ParOldGen       total 299008K, used 298059K [0x00000000c0000000, 0x00000000d2400000, 0x00000000eab00000)
  object space 299008K, 99% used [0x00000000c0000000,0x00000000d2312f10,0x00000000d2400000)
 Metaspace       used 6444K, capacity 7218K, committed 7296K, reserved 1056768K
  class space    used 598K, capacity 618K, committed 640K, reserved 1048576K
Event: 44.068 GC heap after
Heap after GC invocations=20 (full 5):
 PSYoungGen      total 232960K, used 0K [0x00000000eab00000, 0x0000000100000000, 0x0000000100000000)
  eden space 116736K, 0% used [0x00000000eab00000,0x00000000eab00000,0x00000000f1d00000)
  from space 116224K, 0% used [0x00000000f1d00000,0x00000000f1d00000,0x00000000f8e80000)
  to   space 116224K, 0% used [0x00000000f8e80000,0x00000000f8e80000,0x0000000100000000)
 ParOldGen       total 441856K, used 265281K [0x00000000c0000000, 0x00000000daf80000, 0x00000000eab00000)
  object space 441856K, 60% used [0x00000000c0000000,0x00000000d03104d8,0x00000000daf80000)
 Metaspace       used 6444K, capacity 7218K, committed 7296K, reserved 1056768K
  class space    used 598K, capacity 618K, committed 640K, reserved 1048576K
}

