# JRE version: OpenJDK Runtime Environment (8.0_76-b03) (build 1.8.0_76-release-b03)
# Java VM: OpenJDK 64-Bit Server VM (25.76-b03 mixed mode windows-amd64 compressed oops)
Heap:
 PSYoungGen      total 229376K, used 185226K [0x00000000eab00000, 0x0000000100000000, 0x0000000100000000)
  eden space 121856K, 64% used [0x00000000eab00000,0x00000000ef741120,0x00000000f2200000)
  from space 107520K, 99% used [0x00000000f2200000,0x00000000f8aa1838,0x00000000f8b00000)
  to   space 116224K, 0% used [0x00000000f8e80000,0x00000000f8e80000,0x0000000100000000)
 ParOldGen       total 397312K, used 199190K [0x00000000c0000000, 0x00000000d8400000, 0x00000000eab00000)
  object space 397312K, 50% used [0x00000000c0000000,0x00000000cc285b00,0x00000000d8400000)
 Metaspace       used 6825K, capacity 7480K, committed 7552K, reserved 1056768K
  class space    used 614K, capacity 624K, committed 640K, reserved 1048576K
GC Heap History (10 events):
Event: 40.702 GC heap before
{Heap before GC invocations=26 (full 5):
 PSYoungGen      total 231424K, used 39843K [0x00000000eab00000, 0x0000000100000000, 0x0000000100000000)
  eden space 115200K, 0% used [0x00000000eab00000,0x00000000eab00000,0x00000000f1b80000)
  from space 116224K, 34% used [0x00000000f1b80000,0x00000000f4268de8,0x00000000f8d00000)
  to   space 111104K, 0% used [0x00000000f9380000,0x00000000f9380000,0x0000000100000000)
 ParOldGen       total 239616K, used 230083K [0x00000000c0000000, 0x00000000cea00000, 0x00000000eab00000)
  object space 239616K, 96% used [0x00000000c0000000,0x00000000ce0b0cd8,0x00000000cea00000)
 Metaspace       used 6442K, capacity 7218K, committed 7296K, reserved 1056768K
  class space    used 596K, capacity 618K, committed 640K, reserved 1048576K
Event: 42.763 GC heap after
Heap after GC invocations=26 (full 5):
 PSYoungGen      total 231424K, used 0K [0x00000000eab00000, 0x0000000100000000, 0x0000000100000000)
  eden space 115200K, 0% used [0x00000000eab00000,0x00000000eab00000,0x00000000f1b80000)
  from space 116224K, 0% used [0x00000000f1b80000,0x00000000f1b80000,0x00000000f8d00000)
  to   space 111104K, 0% used [0x00000000f9380000,0x00000000f9380000,0x0000000100000000)
 ParOldGen       total 239616K, used 214767K [0x00000000c0000000, 0x00000000cea00000, 0x00000000eab00000)
  object space 239616K, 89% used [0x00000000c0000000,0x00000000cd1bbca8,0x00000000cea00000)
 Metaspace       used 6442K, capacity 7218K, committed 7296K, reserved 1056768K
  class space    used 596K, capacity 618K, committed 640K, reserved 1048576K
}
Event: 43.402 GC heap before
{Heap before GC invocations=27 (full 6):
 PSYoungGen      total 231424K, used 115200K [0x00000000eab00000, 0x0000000100000000, 0x0000000100000000)
  eden space 115200K, 100% used [0x00000000eab00000,0x00000000f1b80000,0x00000000f1b80000)
  from space 116224K, 0% used [0x00000000f1b80000,0x00000000f1b80000,0x00000000f8d00000)
  to   space 111104K, 0% used [0x00000000f9380000,0x00000000f9380000,0x0000000100000000)
 ParOldGen       total 239616K, used 214767K [0x00000000c0000000, 0x00000000cea00000, 0x00000000eab00000)
  object space 239616K, 89% used [0x00000000c0000000,0x00000000cd1bbca8,0x00000000cea00000)
 Metaspace       used 6442K, capacity 7218K, committed 7296K, reserved 1056768K
  class space    used 596K, capacity 618K, committed 640K, reserved 1048576K
Event: 49.560 GC heap after
Heap after GC invocations=27 (full 6):
 PSYoungGen      total 231424K, used 18857K [0x00000000eab00000, 0x0000000100000000, 0x0000000100000000)
  eden space 115200K, 16% used [0x00000000eab00000,0x00000000ebd6a768,0x00000000f1b80000)
  from space 116224K, 0% used [0x00000000f1b80000,0x00000000f1b80000,0x00000000f8d00000)
  to   space 111104K, 0% used [0x00000000f9380000,0x00000000f9380000,0x0000000100000000)
 ParOldGen       total 239616K, used 239298K [0x00000000c0000000, 0x00000000cea00000, 0x00000000eab00000)
  object space 239616K, 99% used [0x00000000c0000000,0x00000000ce9b0ab0,0x00000000cea00000)
 Metaspace       used 6442K, capacity 7218K, committed 7296K, reserved 1056768K
  class space    used 596K, capacity 618K, committed 640K, reserved 1048576K
}
Event: 50.468 GC heap before
{Heap before GC invocations=28 (full 7):
 PSYoungGen      total 231424K, used 115200K [0x00000000eab00000, 0x0000000100000000, 0x0000000100000000)
  eden space 115200K, 100% used [0x00000000eab00000,0x00000000f1b80000,0x00000000f1b80000)
  from space 116224K, 0% used [0x00000000f1b80000,0x00000000f1b80000,0x00000000f8d00000)
  to   space 111104K, 0% used [0x00000000f9380000,0x00000000f9380000,0x0000000100000000)
 ParOldGen       total 239616K, used 239298K [0x00000000c0000000, 0x00000000cea00000, 0x00000000eab00000)
  object space 239616K, 99% used [0x00000000c0000000,0x00000000ce9b0ab0,0x00000000cea00000)
 Metaspace       used 6442K, capacity 7218K, committed 7296K, reserved 1056768K
  class space    used 596K, capacity 618K, committed 640K, reserved 1048576K
Event: 51.263 GC heap after
Heap after GC invocations=28 (full 7):
 PSYoungGen      total 231424K, used 0K [0x00000000eab00000, 0x0000000100000000, 0x0000000100000000)
  eden space 115200K, 0% used [0x00000000eab00000,0x00000000eab00000,0x00000000f1b80000)
  from space 116224K, 0% used [0x00000000f1b80000,0x00000000f1b80000,0x00000000f8d00000)
  to   space 111104K, 0% used [0x00000000f9380000,0x00000000f9380000,0x0000000100000000)
 ParOldGen       total 397312K, used 199190K [0x00000000c0000000, 0x00000000d8400000, 0x00000000eab00000)
  object space 397312K, 50% used [0x00000000c0000000,0x00000000cc285b00,0x00000000d8400000)
 Metaspace       used 6442K, capacity 7218K, committed 7296K, reserved 1056768K
  class space    used 596K, capacity 618K, committed 640K, reserved 1048576K
}
Event: 52.164 GC heap before
{Heap before GC invocations=29 (full 7):
 PSYoungGen      total 231424K, used 115200K [0x00000000eab00000, 0x0000000100000000, 0x0000000100000000)
  eden space 115200K, 100% used [0x00000000eab00000,0x00000000f1b80000,0x00000000f1b80000)
  from space 116224K, 0% used [0x00000000f1b80000,0x00000000f1b80000,0x00000000f8d00000)
  to   space 111104K, 0% used [0x00000000f9380000,0x00000000f9380000,0x0000000100000000)
 ParOldGen       total 397312K, used 199190K [0x00000000c0000000, 0x00000000d8400000, 0x00000000eab00000)
  object space 397312K, 50% used [0x00000000c0000000,0x00000000cc285b00,0x00000000d8400000)
 Metaspace       used 6448K, capacity 7218K, committed 7296K, reserved 1056768K
  class space    used 598K, capacity 618K, committed 640K, reserved 1048576K
Event: 52.252 GC heap after
Heap after GC invocations=29 (full 7):
 PSYoungGen      total 228864K, used 64576K [0x00000000eab00000, 0x00000000ffc00000, 0x0000000100000000)
  eden space 121856K, 0% used [0x00000000eab00000,0x00000000eab00000,0x00000000f2200000)
  from space 107008K, 60% used [0x00000000f9380000,0x00000000fd290208,0x00000000ffc00000)
  to   space 111616K, 0% used [0x00000000f2200000,0x00000000f2200000,0x00000000f8f00000)
 ParOldGen       total 397312K, used 199190K [0x00000000c0000000, 0x00000000d8400000, 0x00000000eab00000)
  object space 397312K, 50% used [0x00000000c0000000,0x00000000cc285b00,0x00000000d8400000)
 Metaspace       used 6448K, capacity 7218K, committed 7296K, reserved 1056768K
  class space    used 598K, capacity 618K, committed 640K, reserved 1048576K
}
Event: 52.947 GC heap before
{Heap before GC invocations=30 (full 7):
 PSYoungGen      total 228864K, used 186432K [0x00000000eab00000, 0x00000000ffc00000, 0x0000000100000000)
  eden space 121856K, 100% used [0x00000000eab00000,0x00000000f2200000,0x00000000f2200000)
  from space 107008K, 60% used [0x00000000f9380000,0x00000000fd290208,0x00000000ffc00000)
  to   space 111616K, 0% used [0x00000000f2200000,0x00000000f2200000,0x00000000f8f00000)
 ParOldGen       total 397312K, used 199190K [0x00000000c0000000, 0x00000000d8400000, 0x00000000eab00000)
  object space 397312K, 50% used [0x00000000c0000000,0x00000000cc285b00,0x00000000d8400000)
 Metaspace       used 6448K, capacity 7218K, committed 7296K, reserved 1056768K
  class space    used 598K, capacity 618K, committed 640K, reserved 1048576K
Event: 53.247 GC heap after
Heap after GC invocations=30 (full 7):
 PSYoungGen      total 229376K, used 107142K [0x00000000eab00000, 0x0000000100000000, 0x0000000100000000)
  eden space 121856K, 0% used [0x00000000eab00000,0x00000000eab00000,0x00000000f2200000)
  from space 107520K, 99% used [0x00000000f2200000,0x00000000f8aa1838,0x00000000f8b00000)
  to   space 116224K, 0% used [0x00000000f8e80000,0x00000000f8e80000,0x0000000100000000)
 ParOldGen       total 397312K, used 199190K [0x00000000c0000000, 0x00000000d8400000, 0x00000000eab00000)
  object space 397312K, 50% used [0x00000000c0000000,0x00000000cc285b00,0x00000000d8400000)
 Metaspace       used 6448K, capacity 7218K, committed 7296K, reserved 1056768K
  class space    used 598K, capacity 618K, committed 640K, reserved 1048576K
}

