# JRE version: OpenJDK Runtime Environment (8.0_112-b06) (build 1.8.0_112-release-b06)
# Java VM: OpenJDK 64-Bit Server VM (25.112-b06 mixed mode windows-amd64 compressed oops)
Heap:
 PSYoungGen      total 341504K, used 278528K [0x000000076ab00000, 0x0000000785980000, 0x00000007c0000000)
  eden space 278528K, 100% used [0x000000076ab00000,0x000000077bb00000,0x000000077bb00000)
  from space 62976K, 0% used [0x0000000781c00000,0x0000000781c00000,0x0000000785980000)
  to   space 59392K, 0% used [0x000000077bb00000,0x000000077bb00000,0x000000077f500000)
 ParOldGen       total 267776K, used 267731K [0x00000006c0000000, 0x00000006d0580000, 0x000000076ab00000)
  object space 267776K, 99% used [0x00000006c0000000,0x00000006d0574c30,0x00000006d0580000)
 Metaspace       used 6444K, capacity 7280K, committed 7552K, reserved 1056768K
  class space    used 586K, capacity 616K, committed 640K, reserved 1048576K
GC Heap History (10 events):
Event: 29.608 GC heap before
{Heap before GC invocations=21 (full 4):
 PSYoungGen      total 341504K, used 341484K [0x000000076ab00000, 0x0000000785980000, 0x00000007c0000000)
  eden space 278528K, 100% used [0x000000076ab00000,0x000000077bb00000,0x000000077bb00000)
  from space 62976K, 99% used [0x0000000781c00000,0x000000078597b120,0x0000000785980000)
  to   space 59392K, 99% used [0x000000077bb00000,0x000000077f4fcb60,0x000000077f500000)
 ParOldGen       total 267776K, used 267774K [0x00000006c0000000, 0x00000006d0580000, 0x000000076ab00000)
  object space 267776K, 99% used [0x00000006c0000000,0x00000006d057fa30,0x00000006d0580000)
 Metaspace       used 6435K, capacity 7280K, committed 7552K, reserved 1056768K
  class space    used 585K, capacity 616K, committed 640K, reserved 1048576K
Event: 32.290 GC heap after
Heap after GC invocations=21 (full 4):
 PSYoungGen      total 341504K, used 0K [0x000000076ab00000, 0x0000000785980000, 0x00000007c0000000)
  eden space 278528K, 0% used [0x000000076ab00000,0x000000076ab00000,0x000000077bb00000)
  from space 62976K, 0% used [0x0000000781c00000,0x0000000781c00000,0x0000000785980000)
  to   space 59392K, 94% used [0x000000077bb00000,0x000000077f1bc9c8,0x000000077f500000)
 ParOldGen       total 267776K, used 267428K [0x00000006c0000000, 0x00000006d0580000, 0x000000076ab00000)
  object space 267776K, 99% used [0x00000006c0000000,0x00000006d0529140,0x00000006d0580000)
 Metaspace       used 6435K, capacity 7280K, committed 7552K, reserved 1056768K
  class space    used 585K, capacity 616K, committed 640K, reserved 1048576K
}
Event: 32.324 GC heap before
{Heap before GC invocations=22 (full 5):
 PSYoungGen      total 341504K, used 35076K [0x000000076ab00000, 0x0000000785980000, 0x00000007c0000000)
  eden space 278528K, 12% used [0x000000076ab00000,0x000000076cd410f0,0x000000077bb00000)
  from space 62976K, 0% used [0x0000000781c00000,0x0000000781c00000,0x0000000785980000)
  to   space 59392K, 94% used [0x000000077bb00000,0x000000077f1bc9c8,0x000000077f500000)
 ParOldGen       total 267776K, used 267428K [0x00000006c0000000, 0x00000006d0580000, 0x000000076ab00000)
  object space 267776K, 99% used [0x00000006c0000000,0x00000006d0529140,0x00000006d0580000)
 Metaspace       used 6435K, capacity 7280K, committed 7552K, reserved 1056768K
  class space    used 585K, capacity 616K, committed 640K, reserved 1048576K
Event: 33.080 GC heap after
Heap after GC invocations=22 (full 5):
 PSYoungGen      total 341504K, used 74154K [0x000000076ab00000, 0x0000000785980000, 0x00000007c0000000)
  eden space 278528K, 26% used [0x000000076ab00000,0x000000076f36aaa0,0x000000077bb00000)
  from space 62976K, 0% used [0x0000000781c00000,0x0000000781c00000,0x0000000785980000)
  to   space 59392K, 0% used [0x000000077bb00000,0x000000077bb00000,0x000000077f500000)
 ParOldGen       total 267776K, used 267696K [0x00000006c0000000, 0x00000006d0580000, 0x000000076ab00000)
  object space 267776K, 99% used [0x00000006c0000000,0x00000006d056c0e8,0x00000006d0580000)
 Metaspace       used 6435K, capacity 7280K, committed 7552K, reserved 1056768K
  class space    used 585K, capacity 616K, committed 640K, reserved 1048576K
}
Event: 33.857 GC heap before
{Heap before GC invocations=23 (full 6):
 PSYoungGen      total 341504K, used 278528K [0x000000076ab00000, 0x0000000785980000, 0x00000007c0000000)
  eden space 278528K, 100% used [0x000000076ab00000,0x000000077bb00000,0x000000077bb00000)
  from space 62976K, 0% used [0x0000000781c00000,0x0000000781c00000,0x0000000785980000)
  to   space 59392K, 0% used [0x000000077bb00000,0x000000077bb00000,0x000000077f500000)
 ParOldGen       total 267776K, used 267696K [0x00000006c0000000, 0x00000006d0580000, 0x000000076ab00000)
  object space 267776K, 99% used [0x00000006c0000000,0x00000006d056c0e8,0x00000006d0580000)
 Metaspace       used 6444K, capacity 7280K, committed 7552K, reserved 1056768K
  class space    used 586K, capacity 616K, committed 640K, reserved 1048576K
Event: 35.585 GC heap after
Heap after GC invocations=23 (full 6):
 PSYoungGen      total 341504K, used 151626K [0x000000076ab00000, 0x0000000785980000, 0x00000007c0000000)
  eden space 278528K, 54% used [0x000000076ab00000,0x0000000773f12ba0,0x000000077bb00000)
  from space 62976K, 0% used [0x0000000781c00000,0x0000000781c00000,0x0000000785980000)
  to   space 59392K, 0% used [0x000000077bb00000,0x000000077bb00000,0x000000077f500000)
 ParOldGen       total 267776K, used 267643K [0x00000006c0000000, 0x00000006d0580000, 0x000000076ab00000)
  object space 267776K, 99% used [0x00000006c0000000,0x00000006d055edc8,0x00000006d0580000)
 Metaspace       used 6444K, capacity 7280K, committed 7552K, reserved 1056768K
  class space    used 586K, capacity 616K, committed 640K, reserved 1048576K
}
Event: 35.952 GC heap before
{Heap before GC invocations=24 (full 7):
 PSYoungGen      total 341504K, used 278528K [0x000000076ab00000, 0x0000000785980000, 0x00000007c0000000)
  eden space 278528K, 100% used [0x000000076ab00000,0x000000077bb00000,0x000000077bb00000)
  from space 62976K, 0% used [0x0000000781c00000,0x0000000781c00000,0x0000000785980000)
  to   space 59392K, 0% used [0x000000077bb00000,0x000000077bb00000,0x000000077f500000)
 ParOldGen       total 267776K, used 267643K [0x00000006c0000000, 0x00000006d0580000, 0x000000076ab00000)
  object space 267776K, 99% used [0x00000006c0000000,0x00000006d055edc8,0x00000006d0580000)
 Metaspace       used 6444K, capacity 7280K, committed 7552K, reserved 1056768K
  class space    used 586K, capacity 616K, committed 640K, reserved 1048576K
Event: 37.402 GC heap after
Heap after GC invocations=24 (full 7):
 PSYoungGen      total 341504K, used 155308K [0x000000076ab00000, 0x0000000785980000, 0x00000007c0000000)
  eden space 278528K, 55% used [0x000000076ab00000,0x00000007742ab190,0x000000077bb00000)
  from space 62976K, 0% used [0x0000000781c00000,0x0000000781c00000,0x0000000785980000)
  to   space 59392K, 0% used [0x000000077bb00000,0x000000077bb00000,0x000000077f500000)
 ParOldGen       total 267776K, used 267624K [0x00000006c0000000, 0x00000006d0580000, 0x000000076ab00000)
  object space 267776K, 99% used [0x00000006c0000000,0x00000006d055a1a8,0x00000006d0580000)
 Metaspace       used 6444K, capacity 7280K, committed 7552K, reserved 1056768K
  class space    used 586K, capacity 616K, committed 640K, reserved 1048576K
}
Event: 38.037 GC heap before
{Heap before GC invocations=25 (full 8):
 PSYoungGen      total 341504K, used 278528K [0x000000076ab00000, 0x0000000785980000, 0x00000007c0000000)
  eden space 278528K, 100% used [0x000000076ab00000,0x000000077bb00000,0x000000077bb00000)
  from space 62976K, 0% used [0x0000000781c00000,0x0000000781c00000,0x0000000785980000)
  to   space 59392K, 0% used [0x000000077bb00000,0x000000077bb00000,0x000000077f500000)
 ParOldGen       total 267776K, used 267624K [0x00000006c0000000, 0x00000006d0580000, 0x000000076ab00000)
  object space 267776K, 99% used [0x00000006c0000000,0x00000006d055a1a8,0x00000006d0580000)
 Metaspace       used 6444K, capacity 7280K, committed 7552K, reserved 1056768K
  class space    used 586K, capacity 616K, committed 640K, reserved 1048576K
Event: 39.672 GC heap after
Heap after GC invocations=25 (full 8):
 PSYoungGen      total 341504K, used 105875K [0x000000076ab00000, 0x0000000785980000, 0x00000007c0000000)
  eden space 278528K, 38% used [0x000000076ab00000,0x0000000771264d48,0x000000077bb00000)
  from space 62976K, 0% used [0x0000000781c00000,0x0000000781c00000,0x0000000785980000)
  to   space 59392K, 0% used [0x000000077bb00000,0x000000077bb00000,0x000000077f500000)
 ParOldGen       total 267776K, used 267731K [0x00000006c0000000, 0x00000006d0580000, 0x000000076ab00000)
  object space 267776K, 99% used [0x00000006c0000000,0x00000006d0574c30,0x00000006d0580000)
 Metaspace       used 6444K, capacity 7280K, committed 7552K, reserved 1056768K
  class space    used 586K, capacity 616K, committed 640K, reserved 1048576K
}

