# JRE version: OpenJDK Runtime Environment (8.0_112-b06) (build 1.8.0_112-release-b06)
# Java VM: OpenJDK 64-Bit Server VM (25.112-b06 mixed mode windows-amd64 compressed oops)
Heap:
 PSYoungGen      total 73728K, used 64512K [0x00000000eab00000, 0x00000000f5000000, 0x0000000100000000)
  eden space 64512K, 100% used [0x00000000eab00000,0x00000000eea00000,0x00000000eea00000)
  from space 9216K, 0% used [0x00000000eea00000,0x00000000eea00000,0x00000000ef300000)
  to   space 19968K, 0% used [0x00000000f3c80000,0x00000000f3c80000,0x00000000f5000000)
 ParOldGen       total 71168K, used 71112K [0x00000000c0000000, 0x00000000c4580000, 0x00000000eab00000)
  object space 71168K, 99% used [0x00000000c0000000,0x00000000c4572138,0x00000000c4580000)
 Metaspace       used 6320K, capacity 7090K, committed 7296K, reserved 1056768K
  class space    used 595K, capacity 618K, committed 640K, reserved 1048576K
GC Heap History (10 events):
Event: 12.625 GC heap after
Heap after GC invocations=6 (full 0):
 PSYoungGen      total 72704K, used 7787K [0x00000000eab00000, 0x00000000efd00000, 0x0000000100000000)
  eden space 64512K, 0% used [0x00000000eab00000,0x00000000eab00000,0x00000000eea00000)
  from space 8192K, 95% used [0x00000000ef300000,0x00000000efa9afe0,0x00000000efb00000)
  to   space 9216K, 0% used [0x00000000eea00000,0x00000000eea00000,0x00000000ef300000)
 ParOldGen       total 44032K, used 11864K [0x00000000c0000000, 0x00000000c2b00000, 0x00000000eab00000)
  object space 44032K, 26% used [0x00000000c0000000,0x00000000c0b96280,0x00000000c2b00000)
 Metaspace       used 6196K, capacity 7088K, committed 7296K, reserved 1056768K
  class space    used 574K, capacity 616K, committed 640K, reserved 1048576K
}
Event: 17.460 GC heap before
{Heap before GC invocations=7 (full 0):
 PSYoungGen      total 72704K, used 72299K [0x00000000eab00000, 0x00000000efd00000, 0x0000000100000000)
  eden space 64512K, 100% used [0x00000000eab00000,0x00000000eea00000,0x00000000eea00000)
  from space 8192K, 95% used [0x00000000ef300000,0x00000000efa9afe0,0x00000000efb00000)
  to   space 9216K, 0% used [0x00000000eea00000,0x00000000eea00000,0x00000000ef300000)
 ParOldGen       total 44032K, used 11864K [0x00000000c0000000, 0x00000000c2b00000, 0x00000000eab00000)
  object space 44032K, 26% used [0x00000000c0000000,0x00000000c0b96280,0x00000000c2b00000)
 Metaspace       used 6320K, capacity 7090K, committed 7296K, reserved 1056768K
  class space    used 595K, capacity 618K, committed 640K, reserved 1048576K
Event: 17.736 GC heap after
Heap after GC invocations=7 (full 0):
 PSYoungGen      total 73728K, used 9192K [0x00000000eab00000, 0x00000000f5000000, 0x0000000100000000)
  eden space 64512K, 0% used [0x00000000eab00000,0x00000000eab00000,0x00000000eea00000)
  from space 9216K, 99% used [0x00000000eea00000,0x00000000ef2fa1b8,0x00000000ef300000)
  to   space 19968K, 0% used [0x00000000f3c80000,0x00000000f3c80000,0x00000000f5000000)
 ParOldGen       total 44032K, used 30691K [0x00000000c0000000, 0x00000000c2b00000, 0x00000000eab00000)
  object space 44032K, 69% used [0x00000000c0000000,0x00000000c1df8c38,0x00000000c2b00000)
 Metaspace       used 6320K, capacity 7090K, committed 7296K, reserved 1056768K
  class space    used 595K, capacity 618K, committed 640K, reserved 1048576K
}
Event: 22.774 GC heap before
{Heap before GC invocations=8 (full 0):
 PSYoungGen      total 73728K, used 73704K [0x00000000eab00000, 0x00000000f5000000, 0x0000000100000000)
  eden space 64512K, 100% used [0x00000000eab00000,0x00000000eea00000,0x00000000eea00000)
  from space 9216K, 99% used [0x00000000eea00000,0x00000000ef2fa1b8,0x00000000ef300000)
  to   space 19968K, 0% used [0x00000000f3c80000,0x00000000f3c80000,0x00000000f5000000)
 ParOldGen       total 44032K, used 30691K [0x00000000c0000000, 0x00000000c2b00000, 0x00000000eab00000)
  object space 44032K, 69% used [0x00000000c0000000,0x00000000c1df8c38,0x00000000c2b00000)
 Metaspace       used 6320K, capacity 7090K, committed 7296K, reserved 1056768K
  class space    used 595K, capacity 618K, committed 640K, reserved 1048576K
Event: 23.014 GC heap after
Heap after GC invocations=8 (full 0):
 PSYoungGen      total 73728K, used 73704K [0x00000000eab00000, 0x00000000f5000000, 0x0000000100000000)
  eden space 64512K, 100% used [0x00000000eab00000,0x00000000eea00000,0x00000000eea00000)
  from space 9216K, 99% used [0x00000000eea00000,0x00000000ef2fa1b8,0x00000000ef300000)
  to   space 19968K, 99% used [0x00000000f3c80000,0x00000000f4ff8e48,0x00000000f5000000)
 ParOldGen       total 71168K, used 71162K [0x00000000c0000000, 0x00000000c4580000, 0x00000000eab00000)
  object space 71168K, 99% used [0x00000000c0000000,0x00000000c457eae8,0x00000000c4580000)
 Metaspace       used 6320K, capacity 7090K, committed 7296K, reserved 1056768K
  class space    used 595K, capacity 618K, committed 640K, reserved 1048576K
}
Event: 23.014 GC heap before
{Heap before GC invocations=9 (full 1):
 PSYoungGen      total 73728K, used 73704K [0x00000000eab00000, 0x00000000f5000000, 0x0000000100000000)
  eden space 64512K, 100% used [0x00000000eab00000,0x00000000eea00000,0x00000000eea00000)
  from space 9216K, 99% used [0x00000000eea00000,0x00000000ef2fa1b8,0x00000000ef300000)
  to   space 19968K, 99% used [0x00000000f3c80000,0x00000000f4ff8e48,0x00000000f5000000)
 ParOldGen       total 71168K, used 71162K [0x00000000c0000000, 0x00000000c4580000, 0x00000000eab00000)
  object space 71168K, 99% used [0x00000000c0000000,0x00000000c457eae8,0x00000000c4580000)
 Metaspace       used 6320K, capacity 7090K, committed 7296K, reserved 1056768K
  class space    used 595K, capacity 618K, committed 640K, reserved 1048576K
Event: 24.311 GC heap after
Heap after GC invocations=9 (full 1):
 PSYoungGen      total 73728K, used 0K [0x00000000eab00000, 0x00000000f5000000, 0x0000000100000000)
  eden space 64512K, 0% used [0x00000000eab00000,0x00000000eab00000,0x00000000eea00000)
  from space 9216K, 0% used [0x00000000eea00000,0x00000000eea00000,0x00000000ef300000)
  to   space 19968K, 63% used [0x00000000f3c80000,0x00000000f48e41e0,0x00000000f5000000)
 ParOldGen       total 71168K, used 70864K [0x00000000c0000000, 0x00000000c4580000, 0x00000000eab00000)
  object space 71168K, 99% used [0x00000000c0000000,0x00000000c45341d0,0x00000000c4580000)
 Metaspace       used 6320K, capacity 7090K, committed 7296K, reserved 1056768K
  class space    used 595K, capacity 618K, committed 640K, reserved 1048576K
}
Event: 24.392 GC heap before
{Heap before GC invocations=10 (full 2):
 PSYoungGen      total 73728K, used 64512K [0x00000000eab00000, 0x00000000f5000000, 0x0000000100000000)
  eden space 64512K, 100% used [0x00000000eab00000,0x00000000eea00000,0x00000000eea00000)
  from space 9216K, 0% used [0x00000000eea00000,0x00000000eea00000,0x00000000ef300000)
  to   space 19968K, 63% used [0x00000000f3c80000,0x00000000f48e41e0,0x00000000f5000000)
 ParOldGen       total 71168K, used 70864K [0x00000000c0000000, 0x00000000c4580000, 0x00000000eab00000)
  object space 71168K, 99% used [0x00000000c0000000,0x00000000c45341d0,0x00000000c4580000)
 Metaspace       used 6320K, capacity 7090K, committed 7296K, reserved 1056768K
  class space    used 595K, capacity 618K, committed 640K, reserved 1048576K
Event: 24.725 GC heap after
Heap after GC invocations=10 (full 2):
 PSYoungGen      total 73728K, used 48252K [0x00000000eab00000, 0x00000000f5000000, 0x0000000100000000)
  eden space 64512K, 74% used [0x00000000eab00000,0x00000000eda1f348,0x00000000eea00000)
  from space 9216K, 0% used [0x00000000eea00000,0x00000000eea00000,0x00000000ef300000)
  to   space 19968K, 0% used [0x00000000f3c80000,0x00000000f3c80000,0x00000000f5000000)
 ParOldGen       total 71168K, used 71112K [0x00000000c0000000, 0x00000000c4580000, 0x00000000eab00000)
  object space 71168K, 99% used [0x00000000c0000000,0x00000000c4572138,0x00000000c4580000)
 Metaspace       used 6320K, capacity 7090K, committed 7296K, reserved 1056768K
  class space    used 595K, capacity 618K, committed 640K, reserved 1048576K
}
Event: 24.734 GC heap before
{Heap before GC invocations=11 (full 3):
 PSYoungGen      total 73728K, used 64512K [0x00000000eab00000, 0x00000000f5000000, 0x0000000100000000)
  eden space 64512K, 100% used [0x00000000eab00000,0x00000000eea00000,0x00000000eea00000)
  from space 9216K, 0% used [0x00000000eea00000,0x00000000eea00000,0x00000000ef300000)
  to   space 19968K, 0% used [0x00000000f3c80000,0x00000000f3c80000,0x00000000f5000000)
 ParOldGen       total 71168K, used 71112K [0x00000000c0000000, 0x00000000c4580000, 0x00000000eab00000)
  object space 71168K, 99% used [0x00000000c0000000,0x00000000c4572138,0x00000000c4580000)
 Metaspace       used 6320K, capacity 7090K, committed 7296K, reserved 1056768K
  class space    used 595K, capacity 618K, committed 640K, reserved 1048576K

