# JRE version: OpenJDK Runtime Environment (8.0_112-b06) (build 1.8.0_112-release-b06)
# Java VM: OpenJDK 64-Bit Server VM (25.112-b06 mixed mode windows-amd64 compressed oops)
Heap:
 PSYoungGen      total 162816K, used 162814K [0x00000000eab00000, 0x00000000f9880000, 0x0000000100000000)
  eden space 99840K, 100% used [0x00000000eab00000,0x00000000f0c80000,0x00000000f0c80000)
  from space 62976K, 99% used [0x00000000f0c80000,0x00000000f49ff800,0x00000000f4a00000)
  to   space 62976K, 34% used [0x00000000f5b00000,0x00000000f704fe98,0x00000000f9880000)
 ParOldGen       total 229376K, used 229371K [0x00000000c0000000, 0x00000000ce080000, 0x00000000eab00000)
  object space 229376K, 99% used [0x00000000c0000000,0x00000000cdffec70,0x00000000ce000000)
 Metaspace       used 6439K, capacity 7218K, committed 7296K, reserved 1056768K
  class space    used 595K, capacity 618K, committed 640K, reserved 1048576K
GC Heap History (10 events):
Event: 28.444 GC heap after
Heap after GC invocations=18 (full 4):
 PSYoungGen      total 159744K, used 4286K [0x00000000eab00000, 0x00000000f8780000, 0x0000000100000000)
  eden space 99840K, 0% used [0x00000000eab00000,0x00000000eab00000,0x00000000f0c80000)
  from space 59904K, 7% used [0x00000000f4d00000,0x00000000f512f8c8,0x00000000f8780000)
  to   space 62976K, 0% used [0x00000000f0c80000,0x00000000f0c80000,0x00000000f4a00000)
 ParOldGen       total 197120K, used 197119K [0x00000000c0000000, 0x00000000cc080000, 0x00000000eab00000)
  object space 197120K, 99% used [0x00000000c0000000,0x00000000cc07ff10,0x00000000cc080000)
 Metaspace       used 6421K, capacity 7218K, committed 7296K, reserved 1056768K
  class space    used 595K, capacity 618K, committed 640K, reserved 1048576K
}
Event: 28.831 GC heap before
{Heap before GC invocations=19 (full 5):
 PSYoungGen      total 159744K, used 104126K [0x00000000eab00000, 0x00000000f8780000, 0x0000000100000000)
  eden space 99840K, 100% used [0x00000000eab00000,0x00000000f0c80000,0x00000000f0c80000)
  from space 59904K, 7% used [0x00000000f4d00000,0x00000000f512f8c8,0x00000000f8780000)
  to   space 62976K, 0% used [0x00000000f0c80000,0x00000000f0c80000,0x00000000f4a00000)
 ParOldGen       total 197120K, used 197119K [0x00000000c0000000, 0x00000000cc080000, 0x00000000eab00000)
  object space 197120K, 99% used [0x00000000c0000000,0x00000000cc07ff10,0x00000000cc080000)
 Metaspace       used 6422K, capacity 7218K, committed 7296K, reserved 1056768K
  class space    used 595K, capacity 618K, committed 640K, reserved 1048576K
Event: 29.221 GC heap after
Heap after GC invocations=19 (full 5):
 PSYoungGen      total 159744K, used 0K [0x00000000eab00000, 0x00000000f8780000, 0x0000000100000000)
  eden space 99840K, 0% used [0x00000000eab00000,0x00000000eab00000,0x00000000f0c80000)
  from space 59904K, 0% used [0x00000000f4d00000,0x00000000f4d00000,0x00000000f8780000)
  to   space 62976K, 0% used [0x00000000f0c80000,0x00000000f0c80000,0x00000000f4a00000)
 ParOldGen       total 227840K, used 110808K [0x00000000c0000000, 0x00000000cde80000, 0x00000000eab00000)
  object space 227840K, 48% used [0x00000000c0000000,0x00000000c6c36238,0x00000000cde80000)
 Metaspace       used 6422K, capacity 7218K, committed 7296K, reserved 1056768K
  class space    used 595K, capacity 618K, committed 640K, reserved 1048576K
}
Event: 30.138 GC heap before
{Heap before GC invocations=20 (full 5):
 PSYoungGen      total 159744K, used 99840K [0x00000000eab00000, 0x00000000f8780000, 0x0000000100000000)
  eden space 99840K, 100% used [0x00000000eab00000,0x00000000f0c80000,0x00000000f0c80000)
  from space 59904K, 0% used [0x00000000f4d00000,0x00000000f4d00000,0x00000000f8780000)
  to   space 62976K, 0% used [0x00000000f0c80000,0x00000000f0c80000,0x00000000f4a00000)
 ParOldGen       total 227840K, used 110808K [0x00000000c0000000, 0x00000000cde80000, 0x00000000eab00000)
  object space 227840K, 48% used [0x00000000c0000000,0x00000000c6c36238,0x00000000cde80000)
 Metaspace       used 6435K, capacity 7218K, committed 7296K, reserved 1056768K
  class space    used 595K, capacity 618K, committed 640K, reserved 1048576K
Event: 30.202 GC heap after
Heap after GC invocations=20 (full 5):
 PSYoungGen      total 162816K, used 33686K [0x00000000eab00000, 0x00000000f9880000, 0x0000000100000000)
  eden space 99840K, 0% used [0x00000000eab00000,0x00000000eab00000,0x00000000f0c80000)
  from space 62976K, 53% used [0x00000000f0c80000,0x00000000f2d65910,0x00000000f4a00000)
  to   space 62976K, 0% used [0x00000000f5b00000,0x00000000f5b00000,0x00000000f9880000)
 ParOldGen       total 227840K, used 110808K [0x00000000c0000000, 0x00000000cde80000, 0x00000000eab00000)
  object space 227840K, 48% used [0x00000000c0000000,0x00000000c6c36238,0x00000000cde80000)
 Metaspace       used 6435K, capacity 7218K, committed 7296K, reserved 1056768K
  class space    used 595K, capacity 618K, committed 640K, reserved 1048576K
}
Event: 31.168 GC heap before
{Heap before GC invocations=21 (full 5):
 PSYoungGen      total 162816K, used 133526K [0x00000000eab00000, 0x00000000f9880000, 0x0000000100000000)
  eden space 99840K, 100% used [0x00000000eab00000,0x00000000f0c80000,0x00000000f0c80000)
  from space 62976K, 53% used [0x00000000f0c80000,0x00000000f2d65910,0x00000000f4a00000)
  to   space 62976K, 0% used [0x00000000f5b00000,0x00000000f5b00000,0x00000000f9880000)
 ParOldGen       total 227840K, used 110808K [0x00000000c0000000, 0x00000000cde80000, 0x00000000eab00000)
  object space 227840K, 48% used [0x00000000c0000000,0x00000000c6c36238,0x00000000cde80000)
 Metaspace       used 6439K, capacity 7218K, committed 7296K, reserved 1056768K
  class space    used 595K, capacity 618K, committed 640K, reserved 1048576K
Event: 31.289 GC heap after
Heap after GC invocations=21 (full 5):
 PSYoungGen      total 162816K, used 62945K [0x00000000eab00000, 0x00000000f9880000, 0x0000000100000000)
  eden space 99840K, 0% used [0x00000000eab00000,0x00000000eab00000,0x00000000f0c80000)
  from space 62976K, 99% used [0x00000000f5b00000,0x00000000f9878468,0x00000000f9880000)
  to   space 62976K, 0% used [0x00000000f0c80000,0x00000000f0c80000,0x00000000f4a00000)
 ParOldGen       total 227840K, used 126493K [0x00000000c0000000, 0x00000000cde80000, 0x00000000eab00000)
  object space 227840K, 55% used [0x00000000c0000000,0x00000000c7b87670,0x00000000cde80000)
 Metaspace       used 6439K, capacity 7218K, committed 7296K, reserved 1056768K
  class space    used 595K, capacity 618K, committed 640K, reserved 1048576K
}
Event: 31.469 GC heap before
{Heap before GC invocations=22 (full 5):
 PSYoungGen      total 162816K, used 162785K [0x00000000eab00000, 0x00000000f9880000, 0x0000000100000000)
  eden space 99840K, 100% used [0x00000000eab00000,0x00000000f0c80000,0x00000000f0c80000)
  from space 62976K, 99% used [0x00000000f5b00000,0x00000000f9878468,0x00000000f9880000)
  to   space 62976K, 0% used [0x00000000f0c80000,0x00000000f0c80000,0x00000000f4a00000)
 ParOldGen       total 227840K, used 126493K [0x00000000c0000000, 0x00000000cde80000, 0x00000000eab00000)
  object space 227840K, 55% used [0x00000000c0000000,0x00000000c7b87670,0x00000000cde80000)
 Metaspace       used 6439K, capacity 7218K, committed 7296K, reserved 1056768K
  class space    used 595K, capacity 618K, committed 640K, reserved 1048576K
Event: 31.575 GC heap after
Heap after GC invocations=22 (full 5):
 PSYoungGen      total 162816K, used 62974K [0x00000000eab00000, 0x00000000f9880000, 0x0000000100000000)
  eden space 99840K, 0% used [0x00000000eab00000,0x00000000eab00000,0x00000000f0c80000)
  from space 62976K, 99% used [0x00000000f0c80000,0x00000000f49ff800,0x00000000f4a00000)
  to   space 62976K, 0% used [0x00000000f5b00000,0x00000000f5b00000,0x00000000f9880000)
 ParOldGen       total 227840K, used 166950K [0x00000000c0000000, 0x00000000cde80000, 0x00000000eab00000)
  object space 227840K, 73% used [0x00000000c0000000,0x00000000ca309a90,0x00000000cde80000)
 Metaspace       used 6439K, capacity 7218K, committed 7296K, reserved 1056768K
  class space    used 595K, capacity 618K, committed 640K, reserved 1048576K
}
Event: 31.732 GC heap before
{Heap before GC invocations=23 (full 5):
 PSYoungGen      total 162816K, used 162814K [0x00000000eab00000, 0x00000000f9880000, 0x0000000100000000)
  eden space 99840K, 100% used [0x00000000eab00000,0x00000000f0c80000,0x00000000f0c80000)
  from space 62976K, 99% used [0x00000000f0c80000,0x00000000f49ff800,0x00000000f4a00000)
  to   space 62976K, 0% used [0x00000000f5b00000,0x00000000f5b00000,0x00000000f9880000)
 ParOldGen       total 227840K, used 166950K [0x00000000c0000000, 0x00000000cde80000, 0x00000000eab00000)
  object space 227840K, 73% used [0x00000000c0000000,0x00000000ca309a90,0x00000000cde80000)
 Metaspace       used 6439K, capacity 7218K, committed 7296K, reserved 1056768K
  class space    used 595K, capacity 618K, committed 640K, reserved 1048576K

