# JRE version: OpenJDK Runtime Environment (8.0_76-b03) (build 1.8.0_76-release-b03)
# Java VM: OpenJDK 64-Bit Server VM (25.76-b03 mixed mode windows-amd64 compressed oops)
Heap:
 PSYoungGen      total 137216K, used 74581K [0x00000000eab00000, 0x00000000f7800000, 0x0000000100000000)
  eden space 87552K, 49% used [0x00000000eab00000,0x00000000ed520d20,0x00000000f0080000)
  from space 49664K, 63% used [0x00000000f4780000,0x00000000f66347e8,0x00000000f7800000)
  to   space 48640K, 0% used [0x00000000f0080000,0x00000000f0080000,0x00000000f3000000)
 ParOldGen       total 121344K, used 66251K [0x00000000c0000000, 0x00000000c7680000, 0x00000000eab00000)
  object space 121344K, 54% used [0x00000000c0000000,0x00000000c40b2c10,0x00000000c7680000)
 Metaspace       used 5986K, capacity 7088K, committed 7296K, reserved 1056768K
  class space    used 559K, capacity 616K, committed 640K, reserved 1048576K
GC Heap History (10 events):
Event: 3.594 GC heap before
{Heap before GC invocations=9 (full 1):
 PSYoungGen      total 77312K, used 77281K [0x00000000eab00000, 0x00000000f2580000, 0x0000000100000000)
  eden space 59392K, 100% used [0x00000000eab00000,0x00000000ee500000,0x00000000ee500000)
  from space 17920K, 99% used [0x00000000ee500000,0x00000000ef6785a8,0x00000000ef680000)
  to   space 22528K, 0% used [0x00000000f0f80000,0x00000000f0f80000,0x00000000f2580000)
 ParOldGen       total 67584K, used 31116K [0x00000000c0000000, 0x00000000c4200000, 0x00000000eab00000)
  object space 67584K, 46% used [0x00000000c0000000,0x00000000c1e63260,0x00000000c4200000)
 Metaspace       used 5892K, capacity 7024K, committed 7296K, reserved 1056768K
  class space    used 557K, capacity 616K, committed 640K, reserved 1048576K
Event: 3.638 GC heap after
Heap after GC invocations=9 (full 1):
 PSYoungGen      total 97280K, used 22502K [0x00000000eab00000, 0x00000000f3d00000, 0x0000000100000000)
  eden space 74752K, 0% used [0x00000000eab00000,0x00000000eab00000,0x00000000ef400000)
  from space 22528K, 99% used [0x00000000f0f80000,0x00000000f2579910,0x00000000f2580000)
  to   space 28160K, 0% used [0x00000000ef400000,0x00000000ef400000,0x00000000f0f80000)
 ParOldGen       total 67584K, used 36201K [0x00000000c0000000, 0x00000000c4200000, 0x00000000eab00000)
  object space 67584K, 53% used [0x00000000c0000000,0x00000000c235a728,0x00000000c4200000)
 Metaspace       used 5892K, capacity 7024K, committed 7296K, reserved 1056768K
  class space    used 557K, capacity 616K, committed 640K, reserved 1048576K
}
Event: 4.458 GC heap before
{Heap before GC invocations=10 (full 1):
 PSYoungGen      total 97280K, used 97254K [0x00000000eab00000, 0x00000000f3d00000, 0x0000000100000000)
  eden space 74752K, 100% used [0x00000000eab00000,0x00000000ef400000,0x00000000ef400000)
  from space 22528K, 99% used [0x00000000f0f80000,0x00000000f2579910,0x00000000f2580000)
  to   space 28160K, 0% used [0x00000000ef400000,0x00000000ef400000,0x00000000f0f80000)
 ParOldGen       total 67584K, used 36201K [0x00000000c0000000, 0x00000000c4200000, 0x00000000eab00000)
  object space 67584K, 53% used [0x00000000c0000000,0x00000000c235a728,0x00000000c4200000)
 Metaspace       used 5934K, capacity 7088K, committed 7296K, reserved 1056768K
  class space    used 557K, capacity 616K, committed 640K, reserved 1048576K
Event: 4.526 GC heap after
Heap after GC invocations=10 (full 1):
 PSYoungGen      total 102912K, used 28140K [0x00000000eab00000, 0x00000000f5380000, 0x0000000100000000)
  eden space 74752K, 0% used [0x00000000eab00000,0x00000000eab00000,0x00000000ef400000)
  from space 28160K, 99% used [0x00000000ef400000,0x00000000f0f7b260,0x00000000f0f80000)
  to   space 36352K, 0% used [0x00000000f3000000,0x00000000f3000000,0x00000000f5380000)
 ParOldGen       total 67584K, used 44573K [0x00000000c0000000, 0x00000000c4200000, 0x00000000eab00000)
  object space 67584K, 65% used [0x00000000c0000000,0x00000000c2b877a0,0x00000000c4200000)
 Metaspace       used 5934K, capacity 7088K, committed 7296K, reserved 1056768K
  class space    used 557K, capacity 616K, committed 640K, reserved 1048576K
}
Event: 5.049 GC heap before
{Heap before GC invocations=11 (full 1):
 PSYoungGen      total 102912K, used 102892K [0x00000000eab00000, 0x00000000f5380000, 0x0000000100000000)
  eden space 74752K, 100% used [0x00000000eab00000,0x00000000ef400000,0x00000000ef400000)
  from space 28160K, 99% used [0x00000000ef400000,0x00000000f0f7b260,0x00000000f0f80000)
  to   space 36352K, 0% used [0x00000000f3000000,0x00000000f3000000,0x00000000f5380000)
 ParOldGen       total 67584K, used 44573K [0x00000000c0000000, 0x00000000c4200000, 0x00000000eab00000)
  object space 67584K, 65% used [0x00000000c0000000,0x00000000c2b877a0,0x00000000c4200000)
 Metaspace       used 5945K, capacity 7088K, committed 7296K, reserved 1056768K
  class space    used 557K, capacity 616K, committed 640K, reserved 1048576K
Event: 5.150 GC heap after
Heap after GC invocations=11 (full 1):
 PSYoungGen      total 123904K, used 36343K [0x00000000eab00000, 0x00000000f6d80000, 0x0000000100000000)
  eden space 87552K, 0% used [0x00000000eab00000,0x00000000eab00000,0x00000000f0080000)
  from space 36352K, 99% used [0x00000000f3000000,0x00000000f537dfa0,0x00000000f5380000)
  to   space 48640K, 0% used [0x00000000f0080000,0x00000000f0080000,0x00000000f3000000)
 ParOldGen       total 67584K, used 63636K [0x00000000c0000000, 0x00000000c4200000, 0x00000000eab00000)
  object space 67584K, 94% used [0x00000000c0000000,0x00000000c3e25180,0x00000000c4200000)
 Metaspace       used 5945K, capacity 7088K, committed 7296K, reserved 1056768K
  class space    used 557K, capacity 616K, committed 640K, reserved 1048576K
}
Event: 5.150 GC heap before
{Heap before GC invocations=12 (full 2):
 PSYoungGen      total 123904K, used 36343K [0x00000000eab00000, 0x00000000f6d80000, 0x0000000100000000)
  eden space 87552K, 0% used [0x00000000eab00000,0x00000000eab00000,0x00000000f0080000)
  from space 36352K, 99% used [0x00000000f3000000,0x00000000f537dfa0,0x00000000f5380000)
  to   space 48640K, 0% used [0x00000000f0080000,0x00000000f0080000,0x00000000f3000000)
 ParOldGen       total 67584K, used 63636K [0x00000000c0000000, 0x00000000c4200000, 0x00000000eab00000)
  object space 67584K, 94% used [0x00000000c0000000,0x00000000c3e25180,0x00000000c4200000)
 Metaspace       used 5945K, capacity 7088K, committed 7296K, reserved 1056768K
  class space    used 557K, capacity 616K, committed 640K, reserved 1048576K
Event: 5.677 GC heap after
Heap after GC invocations=12 (full 2):
 PSYoungGen      total 123904K, used 0K [0x00000000eab00000, 0x00000000f6d80000, 0x0000000100000000)
  eden space 87552K, 0% used [0x00000000eab00000,0x00000000eab00000,0x00000000f0080000)
  from space 36352K, 0% used [0x00000000f3000000,0x00000000f3000000,0x00000000f5380000)
  to   space 48640K, 0% used [0x00000000f0080000,0x00000000f0080000,0x00000000f3000000)
 ParOldGen       total 121344K, used 66251K [0x00000000c0000000, 0x00000000c7680000, 0x00000000eab00000)
  object space 121344K, 54% used [0x00000000c0000000,0x00000000c40b2c10,0x00000000c7680000)
 Metaspace       used 5945K, capacity 7088K, committed 7296K, reserved 1056768K
  class space    used 557K, capacity 616K, committed 640K, reserved 1048576K
}
Event: 6.403 GC heap before
{Heap before GC invocations=13 (full 2):
 PSYoungGen      total 123904K, used 87552K [0x00000000eab00000, 0x00000000f6d80000, 0x0000000100000000)
  eden space 87552K, 100% used [0x00000000eab00000,0x00000000f0080000,0x00000000f0080000)
  from space 36352K, 0% used [0x00000000f3000000,0x00000000f3000000,0x00000000f5380000)
  to   space 48640K, 0% used [0x00000000f0080000,0x00000000f0080000,0x00000000f3000000)
 ParOldGen       total 121344K, used 66251K [0x00000000c0000000, 0x00000000c7680000, 0x00000000eab00000)
  object space 121344K, 54% used [0x00000000c0000000,0x00000000c40b2c10,0x00000000c7680000)
 Metaspace       used 5957K, capacity 7088K, committed 7296K, reserved 1056768K
  class space    used 557K, capacity 616K, committed 640K, reserved 1048576K
Event: 6.457 GC heap after
Heap after GC invocations=13 (full 2):
 PSYoungGen      total 136192K, used 29938K [0x00000000eab00000, 0x00000000f7800000, 0x0000000100000000)
  eden space 87552K, 0% used [0x00000000eab00000,0x00000000eab00000,0x00000000f0080000)
  from space 48640K, 61% used [0x00000000f0080000,0x00000000f1dbc948,0x00000000f3000000)
  to   space 49664K, 0% used [0x00000000f4780000,0x00000000f4780000,0x00000000f7800000)
 ParOldGen       total 121344K, used 66251K [0x00000000c0000000, 0x00000000c7680000, 0x00000000eab00000)
  object space 121344K, 54% used [0x00000000c0000000,0x00000000c40b2c10,0x00000000c7680000)
 Metaspace       used 5957K, capacity 7088K, committed 7296K, reserved 1056768K
  class space    used 557K, capacity 616K, committed 640K, reserved 1048576K
}

