# JRE version: OpenJDK Runtime Environment (8.0_76-b03) (build 1.8.0_76-release-b03)
# Java VM: OpenJDK 64-Bit Server VM (25.76-b03 mixed mode windows-amd64 compressed oops)
Heap:
 PSYoungGen      total 94208K, used 64769K [0x00000000eab00000, 0x00000000f4980000, 0x0000000100000000)
  eden space 45568K, 41% used [0x00000000eab00000,0x00000000ebd7b718,0x00000000ed780000)
  from space 48640K, 94% used [0x00000000f0d00000,0x00000000f39c4fb8,0x00000000f3c80000)
  to   space 54784K, 0% used [0x00000000ed780000,0x00000000ed780000,0x00000000f0d00000)
 ParOldGen       total 145408K, used 65120K [0x00000000c0000000, 0x00000000c8e00000, 0x00000000eab00000)
  object space 145408K, 44% used [0x00000000c0000000,0x00000000c3f98298,0x00000000c8e00000)
 Metaspace       used 6171K, capacity 7216K, committed 7296K, reserved 1056768K
  class space    used 574K, capacity 616K, committed 640K, reserved 1048576K
GC Heap History (10 events):
Event: 17.076 GC heap before
{Heap before GC invocations=13 (full 3):
 PSYoungGen      total 75264K, used 47104K [0x00000000eab00000, 0x00000000f1180000, 0x0000000100000000)
  eden space 47104K, 100% used [0x00000000eab00000,0x00000000ed900000,0x00000000ed900000)
  from space 28160K, 0% used [0x00000000ed900000,0x00000000ed900000,0x00000000ef480000)
  to   space 26624K, 0% used [0x00000000ef480000,0x00000000ef480000,0x00000000f0e80000)
 ParOldGen       total 145408K, used 57627K [0x00000000c0000000, 0x00000000c8e00000, 0x00000000eab00000)
  object space 145408K, 39% used [0x00000000c0000000,0x00000000c3846f48,0x00000000c8e00000)
 Metaspace       used 5950K, capacity 7088K, committed 7296K, reserved 1056768K
  class space    used 558K, capacity 616K, committed 640K, reserved 1048576K
Event: 17.280 GC heap after
Heap after GC invocations=13 (full 3):
 PSYoungGen      total 67584K, used 17005K [0x00000000eab00000, 0x00000000f2580000, 0x0000000100000000)
  eden space 40960K, 0% used [0x00000000eab00000,0x00000000eab00000,0x00000000ed300000)
  from space 26624K, 63% used [0x00000000ef480000,0x00000000f051b6f0,0x00000000f0e80000)
  to   space 34304K, 0% used [0x00000000ed300000,0x00000000ed300000,0x00000000ef480000)
 ParOldGen       total 145408K, used 57635K [0x00000000c0000000, 0x00000000c8e00000, 0x00000000eab00000)
  object space 145408K, 39% used [0x00000000c0000000,0x00000000c3848f48,0x00000000c8e00000)
 Metaspace       used 5950K, capacity 7088K, committed 7296K, reserved 1056768K
  class space    used 558K, capacity 616K, committed 640K, reserved 1048576K
}
Event: 18.345 GC heap before
{Heap before GC invocations=14 (full 3):
 PSYoungGen      total 67584K, used 57965K [0x00000000eab00000, 0x00000000f2580000, 0x0000000100000000)
  eden space 40960K, 100% used [0x00000000eab00000,0x00000000ed300000,0x00000000ed300000)
  from space 26624K, 63% used [0x00000000ef480000,0x00000000f051b6f0,0x00000000f0e80000)
  to   space 34304K, 0% used [0x00000000ed300000,0x00000000ed300000,0x00000000ef480000)
 ParOldGen       total 145408K, used 57635K [0x00000000c0000000, 0x00000000c8e00000, 0x00000000eab00000)
  object space 145408K, 39% used [0x00000000c0000000,0x00000000c3848f48,0x00000000c8e00000)
 Metaspace       used 5952K, capacity 7088K, committed 7296K, reserved 1056768K
  class space    used 558K, capacity 616K, committed 640K, reserved 1048576K
Event: 18.371 GC heap after
Heap after GC invocations=14 (full 3):
 PSYoungGen      total 75264K, used 24697K [0x00000000eab00000, 0x00000000f1f00000, 0x0000000100000000)
  eden space 40960K, 0% used [0x00000000eab00000,0x00000000eab00000,0x00000000ed300000)
  from space 34304K, 71% used [0x00000000ed300000,0x00000000eeb1e4a0,0x00000000ef480000)
  to   space 35328K, 0% used [0x00000000efc80000,0x00000000efc80000,0x00000000f1f00000)
 ParOldGen       total 145408K, used 57635K [0x00000000c0000000, 0x00000000c8e00000, 0x00000000eab00000)
  object space 145408K, 39% used [0x00000000c0000000,0x00000000c3848f48,0x00000000c8e00000)
 Metaspace       used 5952K, capacity 7088K, committed 7296K, reserved 1056768K
  class space    used 558K, capacity 616K, committed 640K, reserved 1048576K
}
Event: 18.899 GC heap before
{Heap before GC invocations=15 (full 3):
 PSYoungGen      total 75264K, used 65657K [0x00000000eab00000, 0x00000000f1f00000, 0x0000000100000000)
  eden space 40960K, 100% used [0x00000000eab00000,0x00000000ed300000,0x00000000ed300000)
  from space 34304K, 71% used [0x00000000ed300000,0x00000000eeb1e4a0,0x00000000ef480000)
  to   space 35328K, 0% used [0x00000000efc80000,0x00000000efc80000,0x00000000f1f00000)
 ParOldGen       total 145408K, used 57635K [0x00000000c0000000, 0x00000000c8e00000, 0x00000000eab00000)
  object space 145408K, 39% used [0x00000000c0000000,0x00000000c3848f48,0x00000000c8e00000)
 Metaspace       used 5960K, capacity 7088K, committed 7296K, reserved 1056768K
  class space    used 560K, capacity 616K, committed 640K, reserved 1048576K
Event: 18.965 GC heap after
Heap after GC invocations=15 (full 3):
 PSYoungGen      total 77824K, used 35298K [0x00000000eab00000, 0x00000000f2a00000, 0x0000000100000000)
  eden space 42496K, 0% used [0x00000000eab00000,0x00000000eab00000,0x00000000ed480000)
  from space 35328K, 99% used [0x00000000efc80000,0x00000000f1ef8a90,0x00000000f1f00000)
  to   space 40960K, 0% used [0x00000000ed480000,0x00000000ed480000,0x00000000efc80000)
 ParOldGen       total 145408K, used 59044K [0x00000000c0000000, 0x00000000c8e00000, 0x00000000eab00000)
  object space 145408K, 40% used [0x00000000c0000000,0x00000000c39a9150,0x00000000c8e00000)
 Metaspace       used 5960K, capacity 7088K, committed 7296K, reserved 1056768K
  class space    used 560K, capacity 616K, committed 640K, reserved 1048576K
}
Event: 19.133 GC heap before
{Heap before GC invocations=16 (full 3):
 PSYoungGen      total 77824K, used 77794K [0x00000000eab00000, 0x00000000f2a00000, 0x0000000100000000)
  eden space 42496K, 100% used [0x00000000eab00000,0x00000000ed480000,0x00000000ed480000)
  from space 35328K, 99% used [0x00000000efc80000,0x00000000f1ef8a90,0x00000000f1f00000)
  to   space 40960K, 0% used [0x00000000ed480000,0x00000000ed480000,0x00000000efc80000)
 ParOldGen       total 145408K, used 59044K [0x00000000c0000000, 0x00000000c8e00000, 0x00000000eab00000)
  object space 145408K, 40% used [0x00000000c0000000,0x00000000c39a9150,0x00000000c8e00000)
 Metaspace       used 5960K, capacity 7088K, committed 7296K, reserved 1056768K
  class space    used 560K, capacity 616K, committed 640K, reserved 1048576K
Event: 19.185 GC heap after
Heap after GC invocations=16 (full 3):
 PSYoungGen      total 83456K, used 40954K [0x00000000eab00000, 0x00000000f3c80000, 0x0000000100000000)
  eden space 42496K, 0% used [0x00000000eab00000,0x00000000eab00000,0x00000000ed480000)
  from space 40960K, 99% used [0x00000000ed480000,0x00000000efc7e818,0x00000000efc80000)
  to   space 48640K, 0% used [0x00000000f0d00000,0x00000000f0d00000,0x00000000f3c80000)
 ParOldGen       total 145408K, used 65120K [0x00000000c0000000, 0x00000000c8e00000, 0x00000000eab00000)
  object space 145408K, 44% used [0x00000000c0000000,0x00000000c3f98298,0x00000000c8e00000)
 Metaspace       used 5960K, capacity 7088K, committed 7296K, reserved 1056768K
  class space    used 560K, capacity 616K, committed 640K, reserved 1048576K
}
Event: 19.407 GC heap before
{Heap before GC invocations=17 (full 3):
 PSYoungGen      total 83456K, used 83450K [0x00000000eab00000, 0x00000000f3c80000, 0x0000000100000000)
  eden space 42496K, 100% used [0x00000000eab00000,0x00000000ed480000,0x00000000ed480000)
  from space 40960K, 99% used [0x00000000ed480000,0x00000000efc7e818,0x00000000efc80000)
  to   space 48640K, 0% used [0x00000000f0d00000,0x00000000f0d00000,0x00000000f3c80000)
 ParOldGen       total 145408K, used 65120K [0x00000000c0000000, 0x00000000c8e00000, 0x00000000eab00000)
  object space 145408K, 44% used [0x00000000c0000000,0x00000000c3f98298,0x00000000c8e00000)
 Metaspace       used 5965K, capacity 7088K, committed 7296K, reserved 1056768K
  class space    used 560K, capacity 616K, committed 640K, reserved 1048576K
Event: 19.467 GC heap after
Heap after GC invocations=17 (full 3):
 PSYoungGen      total 94208K, used 45843K [0x00000000eab00000, 0x00000000f4980000, 0x0000000100000000)
  eden space 45568K, 0% used [0x00000000eab00000,0x00000000eab00000,0x00000000ed780000)
  from space 48640K, 94% used [0x00000000f0d00000,0x00000000f39c4fb8,0x00000000f3c80000)
  to   space 54784K, 0% used [0x00000000ed780000,0x00000000ed780000,0x00000000f0d00000)
 ParOldGen       total 145408K, used 65120K [0x00000000c0000000, 0x00000000c8e00000, 0x00000000eab00000)
  object space 145408K, 44% used [0x00000000c0000000,0x00000000c3f98298,0x00000000c8e00000)
 Metaspace       used 5965K, capacity 7088K, committed 7296K, reserved 1056768K
  class space    used 560K, capacity 616K, committed 640K, reserved 1048576K
}

