# JRE version: OpenJDK Runtime Environment (8.0_76-b03) (build 1.8.0_76-release-b03)
# Java VM: OpenJDK 64-Bit Server VM (25.76-b03 mixed mode windows-amd64 compressed oops)
Heap:
 PSYoungGen      total 114688K, used 21091K [0x00000000eab00000, 0x00000000f6300000, 0x0000000100000000)
  eden space 102912K, 20% used [0x00000000eab00000,0x00000000ebf98da0,0x00000000f0f80000)
  from space 11776K, 0% used [0x00000000f3300000,0x00000000f3300000,0x00000000f3e80000)
  to   space 36352K, 0% used [0x00000000f0f80000,0x00000000f0f80000,0x00000000f3300000)
 ParOldGen       total 64000K, used 58965K [0x00000000c0000000, 0x00000000c3e80000, 0x00000000eab00000)
  object space 64000K, 92% used [0x00000000c0000000,0x00000000c3995510,0x00000000c3e80000)
 Metaspace       used 5958K, capacity 7088K, committed 7296K, reserved 1056768K
  class space    used 558K, capacity 616K, committed 640K, reserved 1048576K
GC Heap History (10 events):
Event: 6.459 GC heap before
{Heap before GC invocations=8 (full 1):
 PSYoungGen      total 80384K, used 17908K [0x00000000eab00000, 0x00000000f5700000, 0x0000000100000000)
  eden space 62464K, 0% used [0x00000000eab00000,0x00000000eab00000,0x00000000ee800000)
  from space 17920K, 99% used [0x00000000ee800000,0x00000000ef97d258,0x00000000ef980000)
  to   space 25600K, 0% used [0x00000000f3e00000,0x00000000f3e00000,0x00000000f5700000)
 ParOldGen       total 44032K, used 39146K [0x00000000c0000000, 0x00000000c2b00000, 0x00000000eab00000)
  object space 44032K, 88% used [0x00000000c0000000,0x00000000c263a970,0x00000000c2b00000)
 Metaspace       used 5838K, capacity 7024K, committed 7296K, reserved 1056768K
  class space    used 557K, capacity 616K, committed 640K, reserved 1048576K
Event: 7.835 GC heap after
Heap after GC invocations=8 (full 1):
 PSYoungGen      total 80384K, used 0K [0x00000000eab00000, 0x00000000f5700000, 0x0000000100000000)
  eden space 62464K, 0% used [0x00000000eab00000,0x00000000eab00000,0x00000000ee800000)
  from space 17920K, 0% used [0x00000000ee800000,0x00000000ee800000,0x00000000ef980000)
  to   space 25600K, 0% used [0x00000000f3e00000,0x00000000f3e00000,0x00000000f5700000)
 ParOldGen       total 64000K, used 22642K [0x00000000c0000000, 0x00000000c3e80000, 0x00000000eab00000)
  object space 64000K, 35% used [0x00000000c0000000,0x00000000c161cb48,0x00000000c3e80000)
 Metaspace       used 5838K, capacity 7024K, committed 7296K, reserved 1056768K
  class space    used 557K, capacity 616K, committed 640K, reserved 1048576K
}
Event: 10.000 GC heap before
{Heap before GC invocations=9 (full 1):
 PSYoungGen      total 80384K, used 62464K [0x00000000eab00000, 0x00000000f5700000, 0x0000000100000000)
  eden space 62464K, 100% used [0x00000000eab00000,0x00000000ee800000,0x00000000ee800000)
  from space 17920K, 0% used [0x00000000ee800000,0x00000000ee800000,0x00000000ef980000)
  to   space 25600K, 0% used [0x00000000f3e00000,0x00000000f3e00000,0x00000000f5700000)
 ParOldGen       total 64000K, used 22642K [0x00000000c0000000, 0x00000000c3e80000, 0x00000000eab00000)
  object space 64000K, 35% used [0x00000000c0000000,0x00000000c161cb48,0x00000000c3e80000)
 Metaspace       used 5906K, capacity 7024K, committed 7296K, reserved 1056768K
  class space    used 558K, capacity 616K, committed 640K, reserved 1048576K
Event: 10.094 GC heap after
Heap after GC invocations=9 (full 1):
 PSYoungGen      total 93184K, used 12841K [0x00000000eab00000, 0x00000000f4b00000, 0x0000000100000000)
  eden space 79872K, 0% used [0x00000000eab00000,0x00000000eab00000,0x00000000ef900000)
  from space 13312K, 96% used [0x00000000f3e00000,0x00000000f4a8a578,0x00000000f4b00000)
  to   space 24576K, 0% used [0x00000000f1b00000,0x00000000f1b00000,0x00000000f3300000)
 ParOldGen       total 64000K, used 22642K [0x00000000c0000000, 0x00000000c3e80000, 0x00000000eab00000)
  object space 64000K, 35% used [0x00000000c0000000,0x00000000c161cb48,0x00000000c3e80000)
 Metaspace       used 5906K, capacity 7024K, committed 7296K, reserved 1056768K
  class space    used 558K, capacity 616K, committed 640K, reserved 1048576K
}
Event: 13.709 GC heap before
{Heap before GC invocations=10 (full 1):
 PSYoungGen      total 93184K, used 92713K [0x00000000eab00000, 0x00000000f4b00000, 0x0000000100000000)
  eden space 79872K, 100% used [0x00000000eab00000,0x00000000ef900000,0x00000000ef900000)
  from space 13312K, 96% used [0x00000000f3e00000,0x00000000f4a8a578,0x00000000f4b00000)
  to   space 24576K, 0% used [0x00000000f1b00000,0x00000000f1b00000,0x00000000f3300000)
 ParOldGen       total 64000K, used 22642K [0x00000000c0000000, 0x00000000c3e80000, 0x00000000eab00000)
  object space 64000K, 35% used [0x00000000c0000000,0x00000000c161cb48,0x00000000c3e80000)
 Metaspace       used 5935K, capacity 7088K, committed 7296K, reserved 1056768K
  class space    used 558K, capacity 616K, committed 640K, reserved 1048576K
Event: 13.970 GC heap after
Heap after GC invocations=10 (full 1):
 PSYoungGen      total 117760K, used 24571K [0x00000000eab00000, 0x00000000f3e80000, 0x0000000100000000)
  eden space 93184K, 0% used [0x00000000eab00000,0x00000000eab00000,0x00000000f0600000)
  from space 24576K, 99% used [0x00000000f1b00000,0x00000000f32fecc0,0x00000000f3300000)
  to   space 11776K, 0% used [0x00000000f3300000,0x00000000f3300000,0x00000000f3e80000)
 ParOldGen       total 64000K, used 23088K [0x00000000c0000000, 0x00000000c3e80000, 0x00000000eab00000)
  object space 64000K, 36% used [0x00000000c0000000,0x00000000c168c148,0x00000000c3e80000)
 Metaspace       used 5935K, capacity 7088K, committed 7296K, reserved 1056768K
  class space    used 558K, capacity 616K, committed 640K, reserved 1048576K
}
Event: 17.931 GC heap before
{Heap before GC invocations=11 (full 1):
 PSYoungGen      total 117760K, used 117755K [0x00000000eab00000, 0x00000000f3e80000, 0x0000000100000000)
  eden space 93184K, 100% used [0x00000000eab00000,0x00000000f0600000,0x00000000f0600000)
  from space 24576K, 99% used [0x00000000f1b00000,0x00000000f32fecc0,0x00000000f3300000)
  to   space 11776K, 0% used [0x00000000f3300000,0x00000000f3300000,0x00000000f3e80000)
 ParOldGen       total 64000K, used 23088K [0x00000000c0000000, 0x00000000c3e80000, 0x00000000eab00000)
  object space 64000K, 36% used [0x00000000c0000000,0x00000000c168c148,0x00000000c3e80000)
 Metaspace       used 5957K, capacity 7088K, committed 7296K, reserved 1056768K
  class space    used 558K, capacity 616K, committed 640K, reserved 1048576K
Event: 19.322 GC heap after
Heap after GC invocations=11 (full 1):
 PSYoungGen      total 114688K, used 11749K [0x00000000eab00000, 0x00000000f6300000, 0x0000000100000000)
  eden space 102912K, 0% used [0x00000000eab00000,0x00000000eab00000,0x00000000f0f80000)
  from space 11776K, 99% used [0x00000000f3300000,0x00000000f3e795b0,0x00000000f3e80000)
  to   space 36352K, 0% used [0x00000000f0f80000,0x00000000f0f80000,0x00000000f3300000)
 ParOldGen       total 64000K, used 50150K [0x00000000c0000000, 0x00000000c3e80000, 0x00000000eab00000)
  object space 64000K, 78% used [0x00000000c0000000,0x00000000c30f9860,0x00000000c3e80000)
 Metaspace       used 5957K, capacity 7088K, committed 7296K, reserved 1056768K
  class space    used 558K, capacity 616K, committed 640K, reserved 1048576K
}
Event: 19.322 GC heap before
{Heap before GC invocations=12 (full 2):
 PSYoungGen      total 114688K, used 11749K [0x00000000eab00000, 0x00000000f6300000, 0x0000000100000000)
  eden space 102912K, 0% used [0x00000000eab00000,0x00000000eab00000,0x00000000f0f80000)
  from space 11776K, 99% used [0x00000000f3300000,0x00000000f3e795b0,0x00000000f3e80000)
  to   space 36352K, 0% used [0x00000000f0f80000,0x00000000f0f80000,0x00000000f3300000)
 ParOldGen       total 64000K, used 50150K [0x00000000c0000000, 0x00000000c3e80000, 0x00000000eab00000)
  object space 64000K, 78% used [0x00000000c0000000,0x00000000c30f9860,0x00000000c3e80000)
 Metaspace       used 5957K, capacity 7088K, committed 7296K, reserved 1056768K
  class space    used 558K, capacity 616K, committed 640K, reserved 1048576K
Event: 24.022 GC heap after
Heap after GC invocations=12 (full 2):
 PSYoungGen      total 114688K, used 0K [0x00000000eab00000, 0x00000000f6300000, 0x0000000100000000)
  eden space 102912K, 0% used [0x00000000eab00000,0x00000000eab00000,0x00000000f0f80000)
  from space 11776K, 0% used [0x00000000f3300000,0x00000000f3300000,0x00000000f3e80000)
  to   space 36352K, 0% used [0x00000000f0f80000,0x00000000f0f80000,0x00000000f3300000)
 ParOldGen       total 64000K, used 58965K [0x00000000c0000000, 0x00000000c3e80000, 0x00000000eab00000)
  object space 64000K, 92% used [0x00000000c0000000,0x00000000c3995510,0x00000000c3e80000)
 Metaspace       used 5957K, capacity 7088K, committed 7296K, reserved 1056768K
  class space    used 558K, capacity 616K, committed 640K, reserved 1048576K
}

