# JRE version: OpenJDK Runtime Environment (8.0_112-b06) (build 1.8.0_112-release-b06)
# Java VM: OpenJDK 64-Bit Server VM (25.112-b06 mixed mode windows-amd64 compressed oops)
Heap:
 PSYoungGen      total 145408K, used 21473K [0x000000076ab00000, 0x0000000775400000, 0x00000007c0000000)
  eden space 123904K, 0% used [0x000000076ab00000,0x000000076ab00000,0x0000000772400000)
  from space 21504K, 99% used [0x0000000772400000,0x00000007738f8460,0x0000000773900000)
  to   space 15360K, 0% used [0x0000000773900000,0x0000000773900000,0x0000000774800000)
 ParOldGen       total 44032K, used 42774K [0x00000006c0000000, 0x00000006c2b00000, 0x000000076ab00000)
  object space 44032K, 97% used [0x00000006c0000000,0x00000006c29c5aa8,0x00000006c2b00000)
 Metaspace       used 6461K, capacity 7218K, committed 7296K, reserved 1056768K
  class space    used 595K, capacity 618K, committed 640K, reserved 1048576K
GC Heap History (10 events):
Event: 24.052 GC heap after
Heap after GC invocations=5 (full 0):
 PSYoungGen      total 35328K, used 2528K [0x000000076ab00000, 0x000000076fc00000, 0x00000007c0000000)
  eden space 32768K, 0% used [0x000000076ab00000,0x000000076ab00000,0x000000076cb00000)
  from space 2560K, 98% used [0x000000076cb00000,0x000000076cd78010,0x000000076cd80000)
  to   space 8704K, 0% used [0x000000076f380000,0x000000076f380000,0x000000076fc00000)
 ParOldGen       total 44032K, used 13017K [0x00000006c0000000, 0x00000006c2b00000, 0x000000076ab00000)
  object space 44032K, 29% used [0x00000006c0000000,0x00000006c0cb66a8,0x00000006c2b00000)
 Metaspace       used 6205K, capacity 7088K, committed 7296K, reserved 1056768K
  class space    used 574K, capacity 616K, committed 640K, reserved 1048576K
}
Event: 24.328 GC heap before
{Heap before GC invocations=6 (full 0):
 PSYoungGen      total 35328K, used 35296K [0x000000076ab00000, 0x000000076fc00000, 0x00000007c0000000)
  eden space 32768K, 100% used [0x000000076ab00000,0x000000076cb00000,0x000000076cb00000)
  from space 2560K, 98% used [0x000000076cb00000,0x000000076cd78010,0x000000076cd80000)
  to   space 8704K, 0% used [0x000000076f380000,0x000000076f380000,0x000000076fc00000)
 ParOldGen       total 44032K, used 13017K [0x00000006c0000000, 0x00000006c2b00000, 0x000000076ab00000)
  object space 44032K, 29% used [0x00000006c0000000,0x00000006c0cb66a8,0x00000006c2b00000)
 Metaspace       used 6243K, capacity 7152K, committed 7296K, reserved 1056768K
  class space    used 575K, capacity 616K, committed 640K, reserved 1048576K
Event: 24.366 GC heap after
Heap after GC invocations=6 (full 0):
 PSYoungGen      total 73728K, used 7312K [0x000000076ab00000, 0x000000076fd00000, 0x00000007c0000000)
  eden space 65024K, 0% used [0x000000076ab00000,0x000000076ab00000,0x000000076ea80000)
  from space 8704K, 84% used [0x000000076f380000,0x000000076faa4020,0x000000076fc00000)
  to   space 9216K, 0% used [0x000000076ea80000,0x000000076ea80000,0x000000076f380000)
 ParOldGen       total 44032K, used 13017K [0x00000006c0000000, 0x00000006c2b00000, 0x000000076ab00000)
  object space 44032K, 29% used [0x00000006c0000000,0x00000006c0cb66a8,0x00000006c2b00000)
 Metaspace       used 6243K, capacity 7152K, committed 7296K, reserved 1056768K
  class space    used 575K, capacity 616K, committed 640K, reserved 1048576K
}
Event: 25.529 GC heap before
{Heap before GC invocations=7 (full 0):
 PSYoungGen      total 73728K, used 72336K [0x000000076ab00000, 0x000000076fd00000, 0x00000007c0000000)
  eden space 65024K, 100% used [0x000000076ab00000,0x000000076ea80000,0x000000076ea80000)
  from space 8704K, 84% used [0x000000076f380000,0x000000076faa4020,0x000000076fc00000)
  to   space 9216K, 0% used [0x000000076ea80000,0x000000076ea80000,0x000000076f380000)
 ParOldGen       total 44032K, used 13017K [0x00000006c0000000, 0x00000006c2b00000, 0x000000076ab00000)
  object space 44032K, 29% used [0x00000006c0000000,0x00000006c0cb66a8,0x00000006c2b00000)
 Metaspace       used 6363K, capacity 7154K, committed 7296K, reserved 1056768K
  class space    used 593K, capacity 618K, committed 640K, reserved 1048576K
Event: 25.572 GC heap after
Heap after GC invocations=7 (full 0):
 PSYoungGen      total 74240K, used 9200K [0x000000076ab00000, 0x0000000774800000, 0x00000007c0000000)
  eden space 65024K, 0% used [0x000000076ab00000,0x000000076ab00000,0x000000076ea80000)
  from space 9216K, 99% used [0x000000076ea80000,0x000000076f37c020,0x000000076f380000)
  to   space 15360K, 0% used [0x0000000773900000,0x0000000773900000,0x0000000774800000)
 ParOldGen       total 44032K, used 22193K [0x00000006c0000000, 0x00000006c2b00000, 0x000000076ab00000)
  object space 44032K, 50% used [0x00000006c0000000,0x00000006c15ac5d0,0x00000006c2b00000)
 Metaspace       used 6363K, capacity 7154K, committed 7296K, reserved 1056768K
  class space    used 593K, capacity 618K, committed 640K, reserved 1048576K
}
Event: 25.998 GC heap before
{Heap before GC invocations=8 (full 0):
 PSYoungGen      total 74240K, used 74224K [0x000000076ab00000, 0x0000000774800000, 0x00000007c0000000)
  eden space 65024K, 100% used [0x000000076ab00000,0x000000076ea80000,0x000000076ea80000)
  from space 9216K, 99% used [0x000000076ea80000,0x000000076f37c020,0x000000076f380000)
  to   space 15360K, 0% used [0x0000000773900000,0x0000000773900000,0x0000000774800000)
 ParOldGen       total 44032K, used 22193K [0x00000006c0000000, 0x00000006c2b00000, 0x000000076ab00000)
  object space 44032K, 50% used [0x00000006c0000000,0x00000006c15ac5d0,0x00000006c2b00000)
 Metaspace       used 6419K, capacity 7154K, committed 7296K, reserved 1056768K
  class space    used 594K, capacity 618K, committed 640K, reserved 1048576K
Event: 26.057 GC heap after
Heap after GC invocations=8 (full 0):
 PSYoungGen      total 139264K, used 15329K [0x000000076ab00000, 0x0000000775400000, 0x00000007c0000000)
  eden space 123904K, 0% used [0x000000076ab00000,0x000000076ab00000,0x0000000772400000)
  from space 15360K, 99% used [0x0000000773900000,0x00000007747f8460,0x0000000774800000)
  to   space 21504K, 0% used [0x0000000772400000,0x0000000772400000,0x0000000773900000)
 ParOldGen       total 44032K, used 30382K [0x00000006c0000000, 0x00000006c2b00000, 0x000000076ab00000)
  object space 44032K, 69% used [0x00000006c0000000,0x00000006c1dab878,0x00000006c2b00000)
 Metaspace       used 6419K, capacity 7154K, committed 7296K, reserved 1056768K
  class space    used 594K, capacity 618K, committed 640K, reserved 1048576K
}
Event: 27.321 GC heap before
{Heap before GC invocations=9 (full 0):
 PSYoungGen      total 139264K, used 139233K [0x000000076ab00000, 0x0000000775400000, 0x00000007c0000000)
  eden space 123904K, 100% used [0x000000076ab00000,0x0000000772400000,0x0000000772400000)
  from space 15360K, 99% used [0x0000000773900000,0x00000007747f8460,0x0000000774800000)
  to   space 21504K, 0% used [0x0000000772400000,0x0000000772400000,0x0000000773900000)
 ParOldGen       total 44032K, used 30382K [0x00000006c0000000, 0x00000006c2b00000, 0x000000076ab00000)
  object space 44032K, 69% used [0x00000006c0000000,0x00000006c1dab878,0x00000006c2b00000)
 Metaspace       used 6461K, capacity 7218K, committed 7296K, reserved 1056768K
  class space    used 595K, capacity 618K, committed 640K, reserved 1048576K
Event: 27.401 GC heap after
Heap after GC invocations=9 (full 0):
 PSYoungGen      total 145408K, used 21473K [0x000000076ab00000, 0x0000000775400000, 0x00000007c0000000)
  eden space 123904K, 0% used [0x000000076ab00000,0x000000076ab00000,0x0000000772400000)
  from space 21504K, 99% used [0x0000000772400000,0x00000007738f8460,0x0000000773900000)
  to   space 15360K, 0% used [0x0000000773900000,0x0000000773900000,0x0000000774800000)
 ParOldGen       total 44032K, used 42774K [0x00000006c0000000, 0x00000006c2b00000, 0x000000076ab00000)
  object space 44032K, 97% used [0x00000006c0000000,0x00000006c29c5aa8,0x00000006c2b00000)
 Metaspace       used 6461K, capacity 7218K, committed 7296K, reserved 1056768K
  class space    used 595K, capacity 618K, committed 640K, reserved 1048576K
}
Event: 27.401 GC heap before
{Heap before GC invocations=10 (full 1):
 PSYoungGen      total 145408K, used 21473K [0x000000076ab00000, 0x0000000775400000, 0x00000007c0000000)
  eden space 123904K, 0% used [0x000000076ab00000,0x000000076ab00000,0x0000000772400000)
  from space 21504K, 99% used [0x0000000772400000,0x00000007738f8460,0x0000000773900000)
  to   space 15360K, 0% used [0x0000000773900000,0x0000000773900000,0x0000000774800000)
 ParOldGen       total 44032K, used 42774K [0x00000006c0000000, 0x00000006c2b00000, 0x000000076ab00000)
  object space 44032K, 97% used [0x00000006c0000000,0x00000006c29c5aa8,0x00000006c2b00000)
 Metaspace       used 6461K, capacity 7218K, committed 7296K, reserved 1056768K
  class space    used 595K, capacity 618K, committed 640K, reserved 1048576K

