# JRE version: OpenJDK Runtime Environment (8.0_112-b06) (build 1.8.0_112-release-b06)
# Java VM: OpenJDK 64-Bit Server VM (25.112-b06 mixed mode windows-amd64 compressed oops)
Heap:
 PSYoungGen      total 146944K, used 29352K [0x000000076ab00000, 0x000000077e000000, 0x00000007c0000000)
  eden space 129024K, 14% used [0x000000076ab00000,0x000000076bde0b70,0x0000000772900000)
  from space 17920K, 55% used [0x0000000772900000,0x00000007732c96a8,0x0000000773a80000)
  to   space 29184K, 0% used [0x000000077c380000,0x000000077c380000,0x000000077e000000)
 ParOldGen       total 44032K, used 43544K [0x00000006c0000000, 0x00000006c2b00000, 0x000000076ab00000)
  object space 44032K, 98% used [0x00000006c0000000,0x00000006c2a863d0,0x00000006c2b00000)
 Metaspace       used 6713K, capacity 7416K, committed 7552K, reserved 1056768K
  class space    used 612K, capacity 624K, committed 640K, reserved 1048576K
GC Heap History (10 events):
Event: 18.295 GC heap before
{Heap before GC invocations=4 (full 0):
 PSYoungGen      total 35328K, used 35296K [0x000000076ab00000, 0x000000076f000000, 0x00000007c0000000)
  eden space 32768K, 100% used [0x000000076ab00000,0x000000076cb00000,0x000000076cb00000)
  from space 2560K, 98% used [0x000000076cb00000,0x000000076cd78048,0x000000076cd80000)
  to   space 2560K, 0% used [0x000000076ed80000,0x000000076ed80000,0x000000076f000000)
 ParOldGen       total 44032K, used 7774K [0x00000006c0000000, 0x00000006c2b00000, 0x000000076ab00000)
  object space 44032K, 17% used [0x00000006c0000000,0x00000006c0797990,0x00000006c2b00000)
 Metaspace       used 6197K, capacity 7088K, committed 7296K, reserved 1056768K
  class space    used 575K, capacity 616K, committed 640K, reserved 1048576K
Event: 18.516 GC heap after
Heap after GC invocations=4 (full 0):
 PSYoungGen      total 68096K, used 2528K [0x000000076ab00000, 0x000000076f000000, 0x00000007c0000000)
  eden space 65536K, 0% used [0x000000076ab00000,0x000000076ab00000,0x000000076eb00000)
  from space 2560K, 98% used [0x000000076ed80000,0x000000076eff8028,0x000000076f000000)
  to   space 2560K, 0% used [0x000000076eb00000,0x000000076eb00000,0x000000076ed80000)
 ParOldGen       total 44032K, used 13187K [0x00000006c0000000, 0x00000006c2b00000, 0x000000076ab00000)
  object space 44032K, 29% used [0x00000006c0000000,0x00000006c0ce0e48,0x00000006c2b00000)
 Metaspace       used 6197K, capacity 7088K, committed 7296K, reserved 1056768K
  class space    used 575K, capacity 616K, committed 640K, reserved 1048576K
}
Event: 21.041 GC heap before
{Heap before GC invocations=5 (full 0):
 PSYoungGen      total 68096K, used 68064K [0x000000076ab00000, 0x000000076f000000, 0x00000007c0000000)
  eden space 65536K, 100% used [0x000000076ab00000,0x000000076eb00000,0x000000076eb00000)
  from space 2560K, 98% used [0x000000076ed80000,0x000000076eff8028,0x000000076f000000)
  to   space 2560K, 0% used [0x000000076eb00000,0x000000076eb00000,0x000000076ed80000)
 ParOldGen       total 44032K, used 13187K [0x00000006c0000000, 0x00000006c2b00000, 0x000000076ab00000)
  object space 44032K, 29% used [0x00000006c0000000,0x00000006c0ce0e48,0x00000006c2b00000)
 Metaspace       used 6276K, capacity 7152K, committed 7296K, reserved 1056768K
  class space    used 576K, capacity 616K, committed 640K, reserved 1048576K
Event: 21.101 GC heap after
Heap after GC invocations=5 (full 0):
 PSYoungGen      total 68096K, used 2528K [0x000000076ab00000, 0x0000000774a00000, 0x00000007c0000000)
  eden space 65536K, 0% used [0x000000076ab00000,0x000000076ab00000,0x000000076eb00000)
  from space 2560K, 98% used [0x000000076eb00000,0x000000076ed78028,0x000000076ed80000)
  to   space 15872K, 0% used [0x0000000773a80000,0x0000000773a80000,0x0000000774a00000)
 ParOldGen       total 44032K, used 25667K [0x00000006c0000000, 0x00000006c2b00000, 0x000000076ab00000)
  object space 44032K, 58% used [0x00000006c0000000,0x00000006c1910d78,0x00000006c2b00000)
 Metaspace       used 6276K, capacity 7152K, committed 7296K, reserved 1056768K
  class space    used 576K, capacity 616K, committed 640K, reserved 1048576K
}
Event: 26.300 GC heap before
{Heap before GC invocations=6 (full 0):
 PSYoungGen      total 68096K, used 68064K [0x000000076ab00000, 0x0000000774a00000, 0x00000007c0000000)
  eden space 65536K, 100% used [0x000000076ab00000,0x000000076eb00000,0x000000076eb00000)
  from space 2560K, 98% used [0x000000076eb00000,0x000000076ed78028,0x000000076ed80000)
  to   space 15872K, 0% used [0x0000000773a80000,0x0000000773a80000,0x0000000774a00000)
 ParOldGen       total 44032K, used 25667K [0x00000006c0000000, 0x00000006c2b00000, 0x000000076ab00000)
  object space 44032K, 58% used [0x00000006c0000000,0x00000006c1910d78,0x00000006c2b00000)
 Metaspace       used 6404K, capacity 7154K, committed 7296K, reserved 1056768K
  class space    used 595K, capacity 618K, committed 640K, reserved 1048576K
Event: 26.454 GC heap after
Heap after GC invocations=6 (full 0):
 PSYoungGen      total 144896K, used 13543K [0x000000076ab00000, 0x0000000774e00000, 0x00000007c0000000)
  eden space 129024K, 0% used [0x000000076ab00000,0x000000076ab00000,0x0000000772900000)
  from space 15872K, 85% used [0x0000000773a80000,0x00000007747b9fc0,0x0000000774a00000)
  to   space 17920K, 0% used [0x0000000772900000,0x0000000772900000,0x0000000773a80000)
 ParOldGen       total 44032K, used 25667K [0x00000006c0000000, 0x00000006c2b00000, 0x000000076ab00000)
  object space 44032K, 58% used [0x00000006c0000000,0x00000006c1910d78,0x00000006c2b00000)
 Metaspace       used 6404K, capacity 7154K, committed 7296K, reserved 1056768K
  class space    used 595K, capacity 618K, committed 640K, reserved 1048576K
}
Event: 27.861 GC heap before
{Heap before GC invocations=7 (full 0):
 PSYoungGen      total 144896K, used 142567K [0x000000076ab00000, 0x0000000774e00000, 0x00000007c0000000)
  eden space 129024K, 100% used [0x000000076ab00000,0x0000000772900000,0x0000000772900000)
  from space 15872K, 85% used [0x0000000773a80000,0x00000007747b9fc0,0x0000000774a00000)
  to   space 17920K, 0% used [0x0000000772900000,0x0000000772900000,0x0000000773a80000)
 ParOldGen       total 44032K, used 25667K [0x00000006c0000000, 0x00000006c2b00000, 0x000000076ab00000)
  object space 44032K, 58% used [0x00000006c0000000,0x00000006c1910d78,0x00000006c2b00000)
 Metaspace       used 6443K, capacity 7154K, committed 7296K, reserved 1056768K
  class space    used 595K, capacity 618K, committed 640K, reserved 1048576K
Event: 28.850 GC heap after
Heap after GC invocations=7 (full 0):
 PSYoungGen      total 146944K, used 17911K [0x000000076ab00000, 0x000000077e000000, 0x00000007c0000000)
  eden space 129024K, 0% used [0x000000076ab00000,0x000000076ab00000,0x0000000772900000)
  from space 17920K, 99% used [0x0000000772900000,0x0000000773a7dfc8,0x0000000773a80000)
  to   space 29184K, 0% used [0x000000077c380000,0x000000077c380000,0x000000077e000000)
 ParOldGen       total 44032K, used 41968K [0x00000006c0000000, 0x00000006c2b00000, 0x000000076ab00000)
  object space 44032K, 95% used [0x00000006c0000000,0x00000006c28fc0b0,0x00000006c2b00000)
 Metaspace       used 6443K, capacity 7154K, committed 7296K, reserved 1056768K
  class space    used 595K, capacity 618K, committed 640K, reserved 1048576K
}
Event: 28.850 GC heap before
{Heap before GC invocations=8 (full 1):
 PSYoungGen      total 146944K, used 17911K [0x000000076ab00000, 0x000000077e000000, 0x00000007c0000000)
  eden space 129024K, 0% used [0x000000076ab00000,0x000000076ab00000,0x0000000772900000)
  from space 17920K, 99% used [0x0000000772900000,0x0000000773a7dfc8,0x0000000773a80000)
  to   space 29184K, 0% used [0x000000077c380000,0x000000077c380000,0x000000077e000000)
 ParOldGen       total 44032K, used 41968K [0x00000006c0000000, 0x00000006c2b00000, 0x000000076ab00000)
  object space 44032K, 95% used [0x00000006c0000000,0x00000006c28fc0b0,0x00000006c2b00000)
 Metaspace       used 6443K, capacity 7154K, committed 7296K, reserved 1056768K
  class space    used 595K, capacity 618K, committed 640K, reserved 1048576K
Event: 30.488 GC heap after
Heap after GC invocations=8 (full 1):
 PSYoungGen      total 146944K, used 10021K [0x000000076ab00000, 0x000000077e000000, 0x00000007c0000000)
  eden space 129024K, 0% used [0x000000076ab00000,0x000000076ab00000,0x0000000772900000)
  from space 17920K, 55% used [0x0000000772900000,0x00000007732c96a8,0x0000000773a80000)
  to   space 29184K, 0% used [0x000000077c380000,0x000000077c380000,0x000000077e000000)
 ParOldGen       total 44032K, used 43544K [0x00000006c0000000, 0x00000006c2b00000, 0x000000076ab00000)
  object space 44032K, 98% used [0x00000006c0000000,0x00000006c2a863d0,0x00000006c2b00000)
 Metaspace       used 6443K, capacity 7154K, committed 7296K, reserved 1056768K
  class space    used 595K, capacity 618K, committed 640K, reserved 1048576K
}

