# JRE version: OpenJDK Runtime Environment (8.0_112-b06) (build 1.8.0_112-release-b06)
# Java VM: OpenJDK 64-Bit Server VM (25.112-b06 mixed mode windows-amd64 compressed oops)
Heap:
 PSYoungGen      total 232960K, used 79691K [0x00000000eab00000, 0x0000000100000000, 0x0000000100000000)
  eden space 116736K, 0% used [0x00000000eab00000,0x00000000eab00000,0x00000000f1d00000)
  from space 116224K, 68% used [0x00000000f1d00000,0x00000000f6ad2d40,0x00000000f8e80000)
  to   space 116224K, 0% used [0x00000000f8e80000,0x00000000f8e80000,0x0000000100000000)
 ParOldGen       total 495104K, used 468918K [0x00000000c0000000, 0x00000000de380000, 0x00000000eab00000)
  object space 495104K, 94% used [0x00000000c0000000,0x00000000dc9ed888,0x00000000de380000)
 Metaspace       used 6625K, capacity 7282K, committed 7552K, reserved 1056768K
  class space    used 602K, capacity 618K, committed 640K, reserved 1048576K
GC Heap History (10 events):
Event: 42.345 GC heap after
Heap after GC invocations=26 (full 5):
 PSYoungGen      total 243712K, used 37300K [0x00000000eab00000, 0x0000000100000000, 0x0000000100000000)
  eden space 138240K, 0% used [0x00000000eab00000,0x00000000eab00000,0x00000000f3200000)
  from space 105472K, 35% used [0x00000000f3200000,0x00000000f566d3e0,0x00000000f9900000)
  to   space 101888K, 0% used [0x00000000f9c80000,0x00000000f9c80000,0x0000000100000000)
 ParOldGen       total 495104K, used 341722K [0x00000000c0000000, 0x00000000de380000, 0x00000000eab00000)
  object space 495104K, 69% used [0x00000000c0000000,0x00000000d4db6b68,0x00000000de380000)
 Metaspace       used 6621K, capacity 7282K, committed 7552K, reserved 1056768K
  class space    used 601K, capacity 618K, committed 640K, reserved 1048576K
}
Event: 43.680 GC heap before
{Heap before GC invocations=27 (full 5):
 PSYoungGen      total 243712K, used 175540K [0x00000000eab00000, 0x0000000100000000, 0x0000000100000000)
  eden space 138240K, 100% used [0x00000000eab00000,0x00000000f3200000,0x00000000f3200000)
  from space 105472K, 35% used [0x00000000f3200000,0x00000000f566d3e0,0x00000000f9900000)
  to   space 101888K, 0% used [0x00000000f9c80000,0x00000000f9c80000,0x0000000100000000)
 ParOldGen       total 495104K, used 341722K [0x00000000c0000000, 0x00000000de380000, 0x00000000eab00000)
  object space 495104K, 69% used [0x00000000c0000000,0x00000000d4db6b68,0x00000000de380000)
 Metaspace       used 6623K, capacity 7282K, committed 7552K, reserved 1056768K
  class space    used 601K, capacity 618K, committed 640K, reserved 1048576K
Event: 43.965 GC heap after
Heap after GC invocations=27 (full 5):
 PSYoungGen      total 239104K, used 68303K [0x00000000eab00000, 0x0000000100000000, 0x0000000100000000)
  eden space 137216K, 0% used [0x00000000eab00000,0x00000000eab00000,0x00000000f3100000)
  from space 101888K, 67% used [0x00000000f9c80000,0x00000000fdf33f78,0x0000000100000000)
  to   space 105984K, 0% used [0x00000000f3100000,0x00000000f3100000,0x00000000f9880000)
 ParOldGen       total 495104K, used 341722K [0x00000000c0000000, 0x00000000de380000, 0x00000000eab00000)
  object space 495104K, 69% used [0x00000000c0000000,0x00000000d4db6b68,0x00000000de380000)
 Metaspace       used 6623K, capacity 7282K, committed 7552K, reserved 1056768K
  class space    used 601K, capacity 618K, committed 640K, reserved 1048576K
}
Event: 44.086 GC heap before
{Heap before GC invocations=28 (full 5):
 PSYoungGen      total 239104K, used 205519K [0x00000000eab00000, 0x0000000100000000, 0x0000000100000000)
  eden space 137216K, 100% used [0x00000000eab00000,0x00000000f3100000,0x00000000f3100000)
  from space 101888K, 67% used [0x00000000f9c80000,0x00000000fdf33f78,0x0000000100000000)
  to   space 105984K, 0% used [0x00000000f3100000,0x00000000f3100000,0x00000000f9880000)
 ParOldGen       total 495104K, used 341722K [0x00000000c0000000, 0x00000000de380000, 0x00000000eab00000)
  object space 495104K, 69% used [0x00000000c0000000,0x00000000d4db6b68,0x00000000de380000)
 Metaspace       used 6623K, capacity 7282K, committed 7552K, reserved 1056768K
  class space    used 601K, capacity 618K, committed 640K, reserved 1048576K
Event: 44.232 GC heap after
Heap after GC invocations=28 (full 5):
 PSYoungGen      total 243200K, used 105959K [0x00000000eab00000, 0x0000000100000000, 0x0000000100000000)
  eden space 137216K, 0% used [0x00000000eab00000,0x00000000eab00000,0x00000000f3100000)
  from space 105984K, 99% used [0x00000000f3100000,0x00000000f9879f48,0x00000000f9880000)
  to   space 105984K, 0% used [0x00000000f9880000,0x00000000f9880000,0x0000000100000000)
 ParOldGen       total 495104K, used 370826K [0x00000000c0000000, 0x00000000de380000, 0x00000000eab00000)
  object space 495104K, 74% used [0x00000000c0000000,0x00000000d6a22b68,0x00000000de380000)
 Metaspace       used 6623K, capacity 7282K, committed 7552K, reserved 1056768K
  class space    used 601K, capacity 618K, committed 640K, reserved 1048576K
}
Event: 45.026 GC heap before
{Heap before GC invocations=29 (full 5):
 PSYoungGen      total 243200K, used 243175K [0x00000000eab00000, 0x0000000100000000, 0x0000000100000000)
  eden space 137216K, 100% used [0x00000000eab00000,0x00000000f3100000,0x00000000f3100000)
  from space 105984K, 99% used [0x00000000f3100000,0x00000000f9879f48,0x00000000f9880000)
  to   space 105984K, 0% used [0x00000000f9880000,0x00000000f9880000,0x0000000100000000)
 ParOldGen       total 495104K, used 370826K [0x00000000c0000000, 0x00000000de380000, 0x00000000eab00000)
  object space 495104K, 74% used [0x00000000c0000000,0x00000000d6a22b68,0x00000000de380000)
 Metaspace       used 6623K, capacity 7282K, committed 7552K, reserved 1056768K
  class space    used 601K, capacity 618K, committed 640K, reserved 1048576K
Event: 45.189 GC heap after
Heap after GC invocations=29 (full 5):
 PSYoungGen      total 222720K, used 100846K [0x00000000eab00000, 0x0000000100000000, 0x0000000100000000)
  eden space 116736K, 0% used [0x00000000eab00000,0x00000000eab00000,0x00000000f1d00000)
  from space 105984K, 95% used [0x00000000f9880000,0x00000000ffafba08,0x0000000100000000)
  to   space 116224K, 0% used [0x00000000f1d00000,0x00000000f1d00000,0x00000000f8e80000)
 ParOldGen       total 495104K, used 407392K [0x00000000c0000000, 0x00000000de380000, 0x00000000eab00000)
  object space 495104K, 82% used [0x00000000c0000000,0x00000000d8dd81c0,0x00000000de380000)
 Metaspace       used 6623K, capacity 7282K, committed 7552K, reserved 1056768K
  class space    used 601K, capacity 618K, committed 640K, reserved 1048576K
}
Event: 47.472 GC heap before
{Heap before GC invocations=30 (full 5):
 PSYoungGen      total 222720K, used 217582K [0x00000000eab00000, 0x0000000100000000, 0x0000000100000000)
  eden space 116736K, 100% used [0x00000000eab00000,0x00000000f1d00000,0x00000000f1d00000)
  from space 105984K, 95% used [0x00000000f9880000,0x00000000ffafba08,0x0000000100000000)
  to   space 116224K, 0% used [0x00000000f1d00000,0x00000000f1d00000,0x00000000f8e80000)
 ParOldGen       total 495104K, used 407392K [0x00000000c0000000, 0x00000000de380000, 0x00000000eab00000)
  object space 495104K, 82% used [0x00000000c0000000,0x00000000d8dd81c0,0x00000000de380000)
 Metaspace       used 6625K, capacity 7282K, committed 7552K, reserved 1056768K
  class space    used 602K, capacity 618K, committed 640K, reserved 1048576K
Event: 47.706 GC heap after
Heap after GC invocations=30 (full 5):
 PSYoungGen      total 232960K, used 79691K [0x00000000eab00000, 0x0000000100000000, 0x0000000100000000)
  eden space 116736K, 0% used [0x00000000eab00000,0x00000000eab00000,0x00000000f1d00000)
  from space 116224K, 68% used [0x00000000f1d00000,0x00000000f6ad2d40,0x00000000f8e80000)
  to   space 116224K, 0% used [0x00000000f8e80000,0x00000000f8e80000,0x0000000100000000)
 ParOldGen       total 495104K, used 468918K [0x00000000c0000000, 0x00000000de380000, 0x00000000eab00000)
  object space 495104K, 94% used [0x00000000c0000000,0x00000000dc9ed888,0x00000000de380000)
 Metaspace       used 6625K, capacity 7282K, committed 7552K, reserved 1056768K
  class space    used 602K, capacity 618K, committed 640K, reserved 1048576K
}
Event: 47.706 GC heap before
{Heap before GC invocations=31 (full 6):
 PSYoungGen      total 232960K, used 79691K [0x00000000eab00000, 0x0000000100000000, 0x0000000100000000)
  eden space 116736K, 0% used [0x00000000eab00000,0x00000000eab00000,0x00000000f1d00000)
  from space 116224K, 68% used [0x00000000f1d00000,0x00000000f6ad2d40,0x00000000f8e80000)
  to   space 116224K, 0% used [0x00000000f8e80000,0x00000000f8e80000,0x0000000100000000)
 ParOldGen       total 495104K, used 468918K [0x00000000c0000000, 0x00000000de380000, 0x00000000eab00000)
  object space 495104K, 94% used [0x00000000c0000000,0x00000000dc9ed888,0x00000000de380000)
 Metaspace       used 6625K, capacity 7282K, committed 7552K, reserved 1056768K
  class space    used 602K, capacity 618K, committed 640K, reserved 1048576K

