# JRE version: OpenJDK Runtime Environment (8.0_112-b06) (build 1.8.0_112-release-b06)
# Java VM: OpenJDK 64-Bit Server VM (25.112-b06 mixed mode windows-amd64 compressed oops)
Heap:
 PSYoungGen      total 131584K, used 122297K [0x000000076ab00000, 0x0000000776180000, 0x00000007c0000000)
  eden space 111104K, 100% used [0x000000076ab00000,0x0000000771780000,0x0000000771780000)
  from space 20480K, 54% used [0x0000000773e00000,0x00000007748ee4b0,0x0000000775200000)
  to   space 37888K, 81% used [0x0000000771780000,0x00000007735adc08,0x0000000773c80000)
 ParOldGen       total 130048K, used 72043K [0x00000006c0000000, 0x00000006c7f00000, 0x000000076ab00000)
  object space 130048K, 55% used [0x00000006c0000000,0x00000006c465adf0,0x00000006c7f00000)
 Metaspace       used 6348K, capacity 7154K, committed 7296K, reserved 1056768K
  class space    used 595K, capacity 618K, committed 640K, reserved 1048576K
GC Heap History (10 events):
Event: 19.085 GC heap before
{Heap before GC invocations=6 (full 0):
 PSYoungGen      total 35328K, used 35296K [0x000000076ab00000, 0x000000076fc00000, 0x00000007c0000000)
  eden space 32768K, 100% used [0x000000076ab00000,0x000000076cb00000,0x000000076cb00000)
  from space 2560K, 98% used [0x000000076cb00000,0x000000076cd78018,0x000000076cd80000)
  to   space 8704K, 0% used [0x000000076f380000,0x000000076f380000,0x000000076fc00000)
 ParOldGen       total 44032K, used 12413K [0x00000006c0000000, 0x00000006c2b00000, 0x000000076ab00000)
  object space 44032K, 28% used [0x00000006c0000000,0x00000006c0c1f648,0x00000006c2b00000)
 Metaspace       used 6221K, capacity 7088K, committed 7296K, reserved 1056768K
  class space    used 575K, capacity 616K, committed 640K, reserved 1048576K
Event: 19.733 GC heap after
Heap after GC invocations=6 (full 0):
 PSYoungGen      total 73728K, used 7511K [0x000000076ab00000, 0x000000076fd00000, 0x00000007c0000000)
  eden space 65024K, 0% used [0x000000076ab00000,0x000000076ab00000,0x000000076ea80000)
  from space 8704K, 86% used [0x000000076f380000,0x000000076fad5f48,0x000000076fc00000)
  to   space 9216K, 0% used [0x000000076ea80000,0x000000076ea80000,0x000000076f380000)
 ParOldGen       total 44032K, used 12413K [0x00000006c0000000, 0x00000006c2b00000, 0x000000076ab00000)
  object space 44032K, 28% used [0x00000006c0000000,0x00000006c0c1f648,0x00000006c2b00000)
 Metaspace       used 6221K, capacity 7088K, committed 7296K, reserved 1056768K
  class space    used 575K, capacity 616K, committed 640K, reserved 1048576K
}
Event: 26.674 GC heap before
{Heap before GC invocations=7 (full 0):
 PSYoungGen      total 73728K, used 72535K [0x000000076ab00000, 0x000000076fd00000, 0x00000007c0000000)
  eden space 65024K, 100% used [0x000000076ab00000,0x000000076ea80000,0x000000076ea80000)
  from space 8704K, 86% used [0x000000076f380000,0x000000076fad5f48,0x000000076fc00000)
  to   space 9216K, 0% used [0x000000076ea80000,0x000000076ea80000,0x000000076f380000)
 ParOldGen       total 44032K, used 12413K [0x00000006c0000000, 0x00000006c2b00000, 0x000000076ab00000)
  object space 44032K, 28% used [0x00000006c0000000,0x00000006c0c1f648,0x00000006c2b00000)
 Metaspace       used 6343K, capacity 7154K, committed 7296K, reserved 1056768K
  class space    used 595K, capacity 618K, committed 640K, reserved 1048576K
Event: 27.000 GC heap after
Heap after GC invocations=7 (full 0):
 PSYoungGen      total 74240K, used 9199K [0x000000076ab00000, 0x0000000775200000, 0x00000007c0000000)
  eden space 65024K, 0% used [0x000000076ab00000,0x000000076ab00000,0x000000076ea80000)
  from space 9216K, 99% used [0x000000076ea80000,0x000000076f37bcb8,0x000000076f380000)
  to   space 20480K, 0% used [0x0000000773e00000,0x0000000773e00000,0x0000000775200000)
 ParOldGen       total 44032K, used 31451K [0x00000006c0000000, 0x00000006c2b00000, 0x000000076ab00000)
  object space 44032K, 71% used [0x00000006c0000000,0x00000006c1eb6db8,0x00000006c2b00000)
 Metaspace       used 6343K, capacity 7154K, committed 7296K, reserved 1056768K
  class space    used 595K, capacity 618K, committed 640K, reserved 1048576K
}
Event: 27.000 GC heap before
{Heap before GC invocations=8 (full 1):
 PSYoungGen      total 74240K, used 9199K [0x000000076ab00000, 0x0000000775200000, 0x00000007c0000000)
  eden space 65024K, 0% used [0x000000076ab00000,0x000000076ab00000,0x000000076ea80000)
  from space 9216K, 99% used [0x000000076ea80000,0x000000076f37bcb8,0x000000076f380000)
  to   space 20480K, 0% used [0x0000000773e00000,0x0000000773e00000,0x0000000775200000)
 ParOldGen       total 44032K, used 31451K [0x00000006c0000000, 0x00000006c2b00000, 0x000000076ab00000)
  object space 44032K, 71% used [0x00000006c0000000,0x00000006c1eb6db8,0x00000006c2b00000)
 Metaspace       used 6343K, capacity 7154K, committed 7296K, reserved 1056768K
  class space    used 595K, capacity 618K, committed 640K, reserved 1048576K
Event: 28.217 GC heap after
Heap after GC invocations=8 (full 1):
 PSYoungGen      total 74240K, used 0K [0x000000076ab00000, 0x0000000775200000, 0x00000007c0000000)
  eden space 65024K, 0% used [0x000000076ab00000,0x000000076ab00000,0x000000076ea80000)
  from space 9216K, 0% used [0x000000076ea80000,0x000000076ea80000,0x000000076f380000)
  to   space 20480K, 0% used [0x0000000773e00000,0x0000000773e00000,0x0000000775200000)
 ParOldGen       total 72192K, used 37676K [0x00000006c0000000, 0x00000006c4680000, 0x000000076ab00000)
  object space 72192K, 52% used [0x00000006c0000000,0x00000006c24cb280,0x00000006c4680000)
 Metaspace       used 6343K, capacity 7154K, committed 7296K, reserved 1056768K
  class space    used 595K, capacity 618K, committed 640K, reserved 1048576K
}
Event: 30.222 GC heap before
{Heap before GC invocations=9 (full 1):
 PSYoungGen      total 74240K, used 65024K [0x000000076ab00000, 0x0000000775200000, 0x00000007c0000000)
  eden space 65024K, 100% used [0x000000076ab00000,0x000000076ea80000,0x000000076ea80000)
  from space 9216K, 0% used [0x000000076ea80000,0x000000076ea80000,0x000000076f380000)
  to   space 20480K, 0% used [0x0000000773e00000,0x0000000773e00000,0x0000000775200000)
 ParOldGen       total 72192K, used 37676K [0x00000006c0000000, 0x00000006c4680000, 0x000000076ab00000)
  object space 72192K, 52% used [0x00000006c0000000,0x00000006c24cb280,0x00000006c4680000)
 Metaspace       used 6343K, capacity 7154K, committed 7296K, reserved 1056768K
  class space    used 595K, capacity 618K, committed 640K, reserved 1048576K
Event: 30.335 GC heap after
Heap after GC invocations=9 (full 1):
 PSYoungGen      total 131584K, used 20470K [0x000000076ab00000, 0x0000000776180000, 0x00000007c0000000)
  eden space 111104K, 0% used [0x000000076ab00000,0x000000076ab00000,0x0000000771780000)
  from space 20480K, 99% used [0x0000000773e00000,0x00000007751fd988,0x0000000775200000)
  to   space 37888K, 0% used [0x0000000771780000,0x0000000771780000,0x0000000773c80000)
 ParOldGen       total 72192K, used 69072K [0x00000006c0000000, 0x00000006c4680000, 0x000000076ab00000)
  object space 72192K, 95% used [0x00000006c0000000,0x00000006c43740d0,0x00000006c4680000)
 Metaspace       used 6343K, capacity 7154K, committed 7296K, reserved 1056768K
  class space    used 595K, capacity 618K, committed 640K, reserved 1048576K
}
Event: 30.335 GC heap before
{Heap before GC invocations=10 (full 2):
 PSYoungGen      total 131584K, used 20470K [0x000000076ab00000, 0x0000000776180000, 0x00000007c0000000)
  eden space 111104K, 0% used [0x000000076ab00000,0x000000076ab00000,0x0000000771780000)
  from space 20480K, 99% used [0x0000000773e00000,0x00000007751fd988,0x0000000775200000)
  to   space 37888K, 0% used [0x0000000771780000,0x0000000771780000,0x0000000773c80000)
 ParOldGen       total 72192K, used 69072K [0x00000006c0000000, 0x00000006c4680000, 0x000000076ab00000)
  object space 72192K, 95% used [0x00000006c0000000,0x00000006c43740d0,0x00000006c4680000)
 Metaspace       used 6343K, capacity 7154K, committed 7296K, reserved 1056768K
  class space    used 595K, capacity 618K, committed 640K, reserved 1048576K
Event: 31.082 GC heap after
Heap after GC invocations=10 (full 2):
 PSYoungGen      total 131584K, used 11193K [0x000000076ab00000, 0x0000000776180000, 0x00000007c0000000)
  eden space 111104K, 0% used [0x000000076ab00000,0x000000076ab00000,0x0000000771780000)
  from space 20480K, 54% used [0x0000000773e00000,0x00000007748ee4b0,0x0000000775200000)
  to   space 37888K, 0% used [0x0000000771780000,0x0000000771780000,0x0000000773c80000)
 ParOldGen       total 130048K, used 72043K [0x00000006c0000000, 0x00000006c7f00000, 0x000000076ab00000)
  object space 130048K, 55% used [0x00000006c0000000,0x00000006c465adf0,0x00000006c7f00000)
 Metaspace       used 6343K, capacity 7154K, committed 7296K, reserved 1056768K
  class space    used 595K, capacity 618K, committed 640K, reserved 1048576K
}

