# JRE version: OpenJDK Runtime Environment (8.0_76-b03) (build 1.8.0_76-release-b03)
# Java VM: OpenJDK 64-Bit Server VM (25.76-b03 mixed mode windows-amd64 compressed oops)
Heap:
 PSYoungGen      total 224768K, used 18239K [0x00000000eab00000, 0x0000000100000000, 0x0000000100000000)
  eden space 142336K, 12% used [0x00000000eab00000,0x00000000ebccff68,0x00000000f3600000)
  from space 82432K, 0% used [0x00000000f3600000,0x00000000f3600000,0x00000000f8680000)
  to   space 111616K, 0% used [0x00000000f9300000,0x00000000f9300000,0x0000000100000000)
 ParOldGen       total 246784K, used 86081K [0x00000000c0000000, 0x00000000cf100000, 0x00000000eab00000)
  object space 246784K, 34% used [0x00000000c0000000,0x00000000c54107a8,0x00000000cf100000)
 Metaspace       used 6392K, capacity 7154K, committed 7296K, reserved 1056768K
  class space    used 596K, capacity 618K, committed 640K, reserved 1048576K
GC Heap History (10 events):
Event: 23.033 GC heap before
{Heap before GC invocations=8 (full 1):
 PSYoungGen      total 124928K, used 121318K [0x00000000eab00000, 0x00000000f6d00000, 0x0000000100000000)
  eden space 111104K, 100% used [0x00000000eab00000,0x00000000f1780000,0x00000000f1780000)
  from space 13824K, 73% used [0x00000000f3880000,0x00000000f4279910,0x00000000f4600000)
  to   space 33792K, 0% used [0x00000000f1780000,0x00000000f1780000,0x00000000f3880000)
 ParOldGen       total 99840K, used 51867K [0x00000000c0000000, 0x00000000c6180000, 0x00000000eab00000)
  object space 99840K, 51% used [0x00000000c0000000,0x00000000c32a6ef8,0x00000000c6180000)
 Metaspace       used 6315K, capacity 7154K, committed 7296K, reserved 1056768K
  class space    used 595K, capacity 618K, committed 640K, reserved 1048576K
Event: 23.154 GC heap after
Heap after GC invocations=8 (full 1):
 PSYoungGen      total 144896K, used 33787K [0x00000000eab00000, 0x00000000fd700000, 0x0000000100000000)
  eden space 111104K, 0% used [0x00000000eab00000,0x00000000eab00000,0x00000000f1780000)
  from space 33792K, 99% used [0x00000000f1780000,0x00000000f387ed40,0x00000000f3880000)
  to   space 63488K, 0% used [0x00000000f9900000,0x00000000f9900000,0x00000000fd700000)
 ParOldGen       total 99840K, used 95836K [0x00000000c0000000, 0x00000000c6180000, 0x00000000eab00000)
  object space 99840K, 95% used [0x00000000c0000000,0x00000000c5d97140,0x00000000c6180000)
 Metaspace       used 6315K, capacity 7154K, committed 7296K, reserved 1056768K
  class space    used 595K, capacity 618K, committed 640K, reserved 1048576K
}
Event: 23.154 GC heap before
{Heap before GC invocations=9 (full 2):
 PSYoungGen      total 144896K, used 33787K [0x00000000eab00000, 0x00000000fd700000, 0x0000000100000000)
  eden space 111104K, 0% used [0x00000000eab00000,0x00000000eab00000,0x00000000f1780000)
  from space 33792K, 99% used [0x00000000f1780000,0x00000000f387ed40,0x00000000f3880000)
  to   space 63488K, 0% used [0x00000000f9900000,0x00000000f9900000,0x00000000fd700000)
 ParOldGen       total 99840K, used 95836K [0x00000000c0000000, 0x00000000c6180000, 0x00000000eab00000)
  object space 99840K, 95% used [0x00000000c0000000,0x00000000c5d97140,0x00000000c6180000)
 Metaspace       used 6315K, capacity 7154K, committed 7296K, reserved 1056768K
  class space    used 595K, capacity 618K, committed 640K, reserved 1048576K
Event: 24.755 GC heap after
Heap after GC invocations=9 (full 2):
 PSYoungGen      total 144896K, used 23540K [0x00000000eab00000, 0x00000000fd700000, 0x0000000100000000)
  eden space 111104K, 0% used [0x00000000eab00000,0x00000000eab00000,0x00000000f1780000)
  from space 33792K, 69% used [0x00000000f1780000,0x00000000f2e7d378,0x00000000f3880000)
  to   space 63488K, 0% used [0x00000000f9900000,0x00000000f9900000,0x00000000fd700000)
 ParOldGen       total 182784K, used 99349K [0x00000000c0000000, 0x00000000cb280000, 0x00000000eab00000)
  object space 182784K, 54% used [0x00000000c0000000,0x00000000c6105620,0x00000000cb280000)
 Metaspace       used 6315K, capacity 7154K, committed 7296K, reserved 1056768K
  class space    used 595K, capacity 618K, committed 640K, reserved 1048576K
}
Event: 25.681 GC heap before
{Heap before GC invocations=10 (full 2):
 PSYoungGen      total 144896K, used 134644K [0x00000000eab00000, 0x00000000fd700000, 0x0000000100000000)
  eden space 111104K, 100% used [0x00000000eab00000,0x00000000f1780000,0x00000000f1780000)
  from space 33792K, 69% used [0x00000000f1780000,0x00000000f2e7d378,0x00000000f3880000)
  to   space 63488K, 0% used [0x00000000f9900000,0x00000000f9900000,0x00000000fd700000)
 ParOldGen       total 182784K, used 99349K [0x00000000c0000000, 0x00000000cb280000, 0x00000000eab00000)
  object space 182784K, 54% used [0x00000000c0000000,0x00000000c6105620,0x00000000cb280000)
 Metaspace       used 6316K, capacity 7154K, committed 7296K, reserved 1056768K
  class space    used 595K, capacity 618K, committed 640K, reserved 1048576K
Event: 25.989 GC heap after
Heap after GC invocations=10 (full 2):
 PSYoungGen      total 193536K, used 63484K [0x00000000eab00000, 0x00000000fd700000, 0x0000000100000000)
  eden space 130048K, 0% used [0x00000000eab00000,0x00000000eab00000,0x00000000f2a00000)
  from space 63488K, 99% used [0x00000000f9900000,0x00000000fd6ff148,0x00000000fd700000)
  to   space 82432K, 0% used [0x00000000f3600000,0x00000000f3600000,0x00000000f8680000)
 ParOldGen       total 182784K, used 113357K [0x00000000c0000000, 0x00000000cb280000, 0x00000000eab00000)
  object space 182784K, 62% used [0x00000000c0000000,0x00000000c6eb3620,0x00000000cb280000)
 Metaspace       used 6316K, capacity 7154K, committed 7296K, reserved 1056768K
  class space    used 595K, capacity 618K, committed 640K, reserved 1048576K
}
Event: 26.363 GC heap before
{Heap before GC invocations=11 (full 2):
 PSYoungGen      total 193536K, used 193532K [0x00000000eab00000, 0x00000000fd700000, 0x0000000100000000)
  eden space 130048K, 100% used [0x00000000eab00000,0x00000000f2a00000,0x00000000f2a00000)
  from space 63488K, 99% used [0x00000000f9900000,0x00000000fd6ff148,0x00000000fd700000)
  to   space 82432K, 0% used [0x00000000f3600000,0x00000000f3600000,0x00000000f8680000)
 ParOldGen       total 182784K, used 113357K [0x00000000c0000000, 0x00000000cb280000, 0x00000000eab00000)
  object space 182784K, 62% used [0x00000000c0000000,0x00000000c6eb3620,0x00000000cb280000)
 Metaspace       used 6320K, capacity 7154K, committed 7296K, reserved 1056768K
  class space    used 596K, capacity 618K, committed 640K, reserved 1048576K
Event: 26.598 GC heap after
Heap after GC invocations=11 (full 2):
 PSYoungGen      total 224768K, used 82416K [0x00000000eab00000, 0x0000000100000000, 0x0000000100000000)
  eden space 142336K, 0% used [0x00000000eab00000,0x00000000eab00000,0x00000000f3600000)
  from space 82432K, 99% used [0x00000000f3600000,0x00000000f867c2d0,0x00000000f8680000)
  to   space 111616K, 0% used [0x00000000f9300000,0x00000000f9300000,0x0000000100000000)
 ParOldGen       total 182784K, used 146624K [0x00000000c0000000, 0x00000000cb280000, 0x00000000eab00000)
  object space 182784K, 80% used [0x00000000c0000000,0x00000000c8f301a0,0x00000000cb280000)
 Metaspace       used 6320K, capacity 7154K, committed 7296K, reserved 1056768K
  class space    used 596K, capacity 618K, committed 640K, reserved 1048576K
}
Event: 26.598 GC heap before
{Heap before GC invocations=12 (full 3):
 PSYoungGen      total 224768K, used 82416K [0x00000000eab00000, 0x0000000100000000, 0x0000000100000000)
  eden space 142336K, 0% used [0x00000000eab00000,0x00000000eab00000,0x00000000f3600000)
  from space 82432K, 99% used [0x00000000f3600000,0x00000000f867c2d0,0x00000000f8680000)
  to   space 111616K, 0% used [0x00000000f9300000,0x00000000f9300000,0x0000000100000000)
 ParOldGen       total 182784K, used 146624K [0x00000000c0000000, 0x00000000cb280000, 0x00000000eab00000)
  object space 182784K, 80% used [0x00000000c0000000,0x00000000c8f301a0,0x00000000cb280000)
 Metaspace       used 6320K, capacity 7154K, committed 7296K, reserved 1056768K
  class space    used 596K, capacity 618K, committed 640K, reserved 1048576K
Event: 28.142 GC heap after
Heap after GC invocations=12 (full 3):
 PSYoungGen      total 224768K, used 37890K [0x00000000eab00000, 0x0000000100000000, 0x0000000100000000)
  eden space 142336K, 0% used [0x00000000eab00000,0x00000000eab00000,0x00000000f3600000)
  from space 82432K, 45% used [0x00000000f3600000,0x00000000f5b00b00,0x00000000f8680000)
  to   space 111616K, 0% used [0x00000000f9300000,0x00000000f9300000,0x0000000100000000)
 ParOldGen       total 182784K, used 182692K [0x00000000c0000000, 0x00000000cb280000, 0x00000000eab00000)
  object space 182784K, 99% used [0x00000000c0000000,0x00000000cb269248,0x00000000cb280000)
 Metaspace       used 6320K, capacity 7154K, committed 7296K, reserved 1056768K
  class space    used 596K, capacity 618K, committed 640K, reserved 1048576K
}

