# JRE version: OpenJDK Runtime Environment (8.0_76-b03) (build 1.8.0_76-release-b03)
# Java VM: OpenJDK 64-Bit Server VM (25.76-b03 mixed mode windows-amd64 compressed oops)
Heap:
 PSYoungGen      total 148480K, used 28648K [0x00000000eab00000, 0x00000000fe500000, 0x0000000100000000)
  eden space 128000K, 15% used [0x00000000eab00000,0x00000000ebe4a380,0x00000000f2800000)
  from space 20480K, 43% used [0x00000000f2800000,0x00000000f30afc98,0x00000000f3c00000)
  to   space 32768K, 0% used [0x00000000fc500000,0x00000000fc500000,0x00000000fe500000)
 ParOldGen       total 89088K, used 44267K [0x00000000c0000000, 0x00000000c5700000, 0x00000000eab00000)
  object space 89088K, 49% used [0x00000000c0000000,0x00000000c2b3ad98,0x00000000c5700000)
 Metaspace       used 6541K, capacity 7222K, committed 7296K, reserved 1056768K
  class space    used 602K, capacity 622K, committed 640K, reserved 1048576K
GC Heap History (10 events):
Event: 9.970 GC heap before
{Heap before GC invocations=4 (full 0):
 PSYoungGen      total 35328K, used 35312K [0x00000000eab00000, 0x00000000ef000000, 0x0000000100000000)
  eden space 32768K, 100% used [0x00000000eab00000,0x00000000ecb00000,0x00000000ecb00000)
  from space 2560K, 99% used [0x00000000ecb00000,0x00000000ecd7c028,0x00000000ecd80000)
  to   space 2560K, 0% used [0x00000000eed80000,0x00000000eed80000,0x00000000ef000000)
 ParOldGen       total 44032K, used 7657K [0x00000000c0000000, 0x00000000c2b00000, 0x00000000eab00000)
  object space 44032K, 17% used [0x00000000c0000000,0x00000000c077a700,0x00000000c2b00000)
 Metaspace       used 6201K, capacity 7088K, committed 7296K, reserved 1056768K
  class space    used 575K, capacity 616K, committed 640K, reserved 1048576K
Event: 10.030 GC heap after
Heap after GC invocations=4 (full 0):
 PSYoungGen      total 68096K, used 2528K [0x00000000eab00000, 0x00000000ef000000, 0x0000000100000000)
  eden space 65536K, 0% used [0x00000000eab00000,0x00000000eab00000,0x00000000eeb00000)
  from space 2560K, 98% used [0x00000000eed80000,0x00000000eeff8038,0x00000000ef000000)
  to   space 2560K, 0% used [0x00000000eeb00000,0x00000000eeb00000,0x00000000eed80000)
 ParOldGen       total 44032K, used 13352K [0x00000000c0000000, 0x00000000c2b00000, 0x00000000eab00000)
  object space 44032K, 30% used [0x00000000c0000000,0x00000000c0d0a068,0x00000000c2b00000)
 Metaspace       used 6201K, capacity 7088K, committed 7296K, reserved 1056768K
  class space    used 575K, capacity 616K, committed 640K, reserved 1048576K
}
Event: 11.190 GC heap before
{Heap before GC invocations=5 (full 0):
 PSYoungGen      total 68096K, used 68064K [0x00000000eab00000, 0x00000000ef000000, 0x0000000100000000)
  eden space 65536K, 100% used [0x00000000eab00000,0x00000000eeb00000,0x00000000eeb00000)
  from space 2560K, 98% used [0x00000000eed80000,0x00000000eeff8038,0x00000000ef000000)
  to   space 2560K, 0% used [0x00000000eeb00000,0x00000000eeb00000,0x00000000eed80000)
 ParOldGen       total 44032K, used 13352K [0x00000000c0000000, 0x00000000c2b00000, 0x00000000eab00000)
  object space 44032K, 30% used [0x00000000c0000000,0x00000000c0d0a068,0x00000000c2b00000)
 Metaspace       used 6270K, capacity 7088K, committed 7296K, reserved 1056768K
  class space    used 576K, capacity 616K, committed 640K, reserved 1048576K
Event: 11.312 GC heap after
Heap after GC invocations=5 (full 0):
 PSYoungGen      total 68096K, used 2534K [0x00000000eab00000, 0x00000000f4d00000, 0x0000000100000000)
  eden space 65536K, 0% used [0x00000000eab00000,0x00000000eab00000,0x00000000eeb00000)
  from space 2560K, 98% used [0x00000000eeb00000,0x00000000eed79890,0x00000000eed80000)
  to   space 17408K, 0% used [0x00000000f3c00000,0x00000000f3c00000,0x00000000f4d00000)
 ParOldGen       total 44032K, used 27900K [0x00000000c0000000, 0x00000000c2b00000, 0x00000000eab00000)
  object space 44032K, 63% used [0x00000000c0000000,0x00000000c1b3f328,0x00000000c2b00000)
 Metaspace       used 6270K, capacity 7088K, committed 7296K, reserved 1056768K
  class space    used 576K, capacity 616K, committed 640K, reserved 1048576K
}
Event: 12.675 GC heap before
{Heap before GC invocations=6 (full 0):
 PSYoungGen      total 68096K, used 68070K [0x00000000eab00000, 0x00000000f4d00000, 0x0000000100000000)
  eden space 65536K, 100% used [0x00000000eab00000,0x00000000eeb00000,0x00000000eeb00000)
  from space 2560K, 98% used [0x00000000eeb00000,0x00000000eed79890,0x00000000eed80000)
  to   space 17408K, 0% used [0x00000000f3c00000,0x00000000f3c00000,0x00000000f4d00000)
 ParOldGen       total 44032K, used 27900K [0x00000000c0000000, 0x00000000c2b00000, 0x00000000eab00000)
  object space 44032K, 63% used [0x00000000c0000000,0x00000000c1b3f328,0x00000000c2b00000)
 Metaspace       used 6397K, capacity 7154K, committed 7296K, reserved 1056768K
  class space    used 595K, capacity 618K, committed 640K, reserved 1048576K
Event: 12.727 GC heap after
Heap after GC invocations=6 (full 0):
 PSYoungGen      total 145408K, used 16439K [0x00000000eab00000, 0x00000000f5300000, 0x0000000100000000)
  eden space 128000K, 0% used [0x00000000eab00000,0x00000000eab00000,0x00000000f2800000)
  from space 17408K, 94% used [0x00000000f3c00000,0x00000000f4c0dfc0,0x00000000f4d00000)
  to   space 20480K, 0% used [0x00000000f2800000,0x00000000f2800000,0x00000000f3c00000)
 ParOldGen       total 44032K, used 27900K [0x00000000c0000000, 0x00000000c2b00000, 0x00000000eab00000)
  object space 44032K, 63% used [0x00000000c0000000,0x00000000c1b3f328,0x00000000c2b00000)
 Metaspace       used 6397K, capacity 7154K, committed 7296K, reserved 1056768K
  class space    used 595K, capacity 618K, committed 640K, reserved 1048576K
}
Event: 13.434 GC heap before
{Heap before GC invocations=7 (full 0):
 PSYoungGen      total 145408K, used 144439K [0x00000000eab00000, 0x00000000f5300000, 0x0000000100000000)
  eden space 128000K, 100% used [0x00000000eab00000,0x00000000f2800000,0x00000000f2800000)
  from space 17408K, 94% used [0x00000000f3c00000,0x00000000f4c0dfc0,0x00000000f4d00000)
  to   space 20480K, 0% used [0x00000000f2800000,0x00000000f2800000,0x00000000f3c00000)
 ParOldGen       total 44032K, used 27900K [0x00000000c0000000, 0x00000000c2b00000, 0x00000000eab00000)
  object space 44032K, 63% used [0x00000000c0000000,0x00000000c1b3f328,0x00000000c2b00000)
 Metaspace       used 6446K, capacity 7154K, committed 7296K, reserved 1056768K
  class space    used 595K, capacity 618K, committed 640K, reserved 1048576K
Event: 13.554 GC heap after
Heap after GC invocations=7 (full 0):
 PSYoungGen      total 148480K, used 20479K [0x00000000eab00000, 0x00000000fe500000, 0x0000000100000000)
  eden space 128000K, 0% used [0x00000000eab00000,0x00000000eab00000,0x00000000f2800000)
  from space 20480K, 99% used [0x00000000f2800000,0x00000000f3bffcf0,0x00000000f3c00000)
  to   space 32768K, 0% used [0x00000000fc500000,0x00000000fc500000,0x00000000fe500000)
 ParOldGen       total 44544K, used 44135K [0x00000000c0000000, 0x00000000c2b80000, 0x00000000eab00000)
  object space 44544K, 99% used [0x00000000c0000000,0x00000000c2b19fd0,0x00000000c2b80000)
 Metaspace       used 6446K, capacity 7154K, committed 7296K, reserved 1056768K
  class space    used 595K, capacity 618K, committed 640K, reserved 1048576K
}
Event: 13.554 GC heap before
{Heap before GC invocations=8 (full 1):
 PSYoungGen      total 148480K, used 20479K [0x00000000eab00000, 0x00000000fe500000, 0x0000000100000000)
  eden space 128000K, 0% used [0x00000000eab00000,0x00000000eab00000,0x00000000f2800000)
  from space 20480K, 99% used [0x00000000f2800000,0x00000000f3bffcf0,0x00000000f3c00000)
  to   space 32768K, 0% used [0x00000000fc500000,0x00000000fc500000,0x00000000fe500000)
 ParOldGen       total 44544K, used 44135K [0x00000000c0000000, 0x00000000c2b80000, 0x00000000eab00000)
  object space 44544K, 99% used [0x00000000c0000000,0x00000000c2b19fd0,0x00000000c2b80000)
 Metaspace       used 6446K, capacity 7154K, committed 7296K, reserved 1056768K
  class space    used 595K, capacity 618K, committed 640K, reserved 1048576K
Event: 15.456 GC heap after
Heap after GC invocations=8 (full 1):
 PSYoungGen      total 148480K, used 8895K [0x00000000eab00000, 0x00000000fe500000, 0x0000000100000000)
  eden space 128000K, 0% used [0x00000000eab00000,0x00000000eab00000,0x00000000f2800000)
  from space 20480K, 43% used [0x00000000f2800000,0x00000000f30afc98,0x00000000f3c00000)
  to   space 32768K, 0% used [0x00000000fc500000,0x00000000fc500000,0x00000000fe500000)
 ParOldGen       total 89088K, used 44267K [0x00000000c0000000, 0x00000000c5700000, 0x00000000eab00000)
  object space 89088K, 49% used [0x00000000c0000000,0x00000000c2b3ad98,0x00000000c5700000)
 Metaspace       used 6446K, capacity 7154K, committed 7296K, reserved 1056768K
  class space    used 595K, capacity 618K, committed 640K, reserved 1048576K
}

