# JRE version: OpenJDK Runtime Environment (8.0_112-b06) (build 1.8.0_112-release-b06)
# Java VM: OpenJDK 64-Bit Server VM (25.112-b06 mixed mode windows-amd64 compressed oops)
Heap:
 PSYoungGen      total 369664K, used 266240K [0x000000076ab00000, 0x0000000788000000, 0x00000007c0000000)
  eden space 266240K, 100% used [0x000000076ab00000,0x000000077af00000,0x000000077af00000)
  from space 103424K, 0% used [0x000000077af00000,0x000000077af00000,0x0000000781400000)
  to   space 96768K, 0% used [0x0000000781400000,0x0000000781400000,0x0000000787280000)
 ParOldGen       total 399360K, used 399149K [0x00000006c0000000, 0x00000006d8600000, 0x000000076ab00000)
  object space 399360K, 99% used [0x00000006c0000000,0x00000006d85cb798,0x00000006d8600000)
 Metaspace       used 6582K, capacity 7282K, committed 7552K, reserved 1056768K
  class space    used 600K, capacity 618K, committed 640K, reserved 1048576K
GC Heap History (10 events):
Event: 38.556 GC heap before
{Heap before GC invocations=26 (full 7):
 PSYoungGen      total 369664K, used 297883K [0x000000076ab00000, 0x0000000788000000, 0x00000007c0000000)
  eden space 266240K, 100% used [0x000000076ab00000,0x000000077af00000,0x000000077af00000)
  from space 103424K, 30% used [0x000000077af00000,0x000000077cde6e60,0x0000000781400000)
  to   space 96768K, 0% used [0x0000000781400000,0x0000000781400000,0x0000000787280000)
 ParOldGen       total 399360K, used 399057K [0x00000006c0000000, 0x00000006d8600000, 0x000000076ab00000)
  object space 399360K, 99% used [0x00000006c0000000,0x00000006d85b44b8,0x00000006d8600000)
 Metaspace       used 6581K, capacity 7282K, committed 7552K, reserved 1056768K
  class space    used 600K, capacity 618K, committed 640K, reserved 1048576K
Event: 40.705 GC heap after
Heap after GC invocations=26 (full 7):
 PSYoungGen      total 369664K, used 108750K [0x000000076ab00000, 0x0000000788000000, 0x00000007c0000000)
  eden space 266240K, 40% used [0x000000076ab00000,0x0000000771533858,0x000000077af00000)
  from space 103424K, 0% used [0x000000077af00000,0x000000077af00000,0x0000000781400000)
  to   space 96768K, 0% used [0x0000000781400000,0x0000000781400000,0x0000000787280000)
 ParOldGen       total 399360K, used 399191K [0x00000006c0000000, 0x00000006d8600000, 0x000000076ab00000)
  object space 399360K, 99% used [0x00000006c0000000,0x00000006d85d5ea0,0x00000006d8600000)
 Metaspace       used 6581K, capacity 7282K, committed 7552K, reserved 1056768K
  class space    used 600K, capacity 618K, committed 640K, reserved 1048576K
}
Event: 42.341 GC heap before
{Heap before GC invocations=27 (full 8):
 PSYoungGen      total 369664K, used 266240K [0x000000076ab00000, 0x0000000788000000, 0x00000007c0000000)
  eden space 266240K, 100% used [0x000000076ab00000,0x000000077af00000,0x000000077af00000)
  from space 103424K, 0% used [0x000000077af00000,0x000000077af00000,0x0000000781400000)
  to   space 96768K, 0% used [0x0000000781400000,0x0000000781400000,0x0000000787280000)
 ParOldGen       total 399360K, used 399191K [0x00000006c0000000, 0x00000006d8600000, 0x000000076ab00000)
  object space 399360K, 99% used [0x00000006c0000000,0x00000006d85d5ea0,0x00000006d8600000)
 Metaspace       used 6582K, capacity 7282K, committed 7552K, reserved 1056768K
  class space    used 600K, capacity 618K, committed 640K, reserved 1048576K
Event: 44.033 GC heap after
Heap after GC invocations=27 (full 8):
 PSYoungGen      total 369664K, used 16889K [0x000000076ab00000, 0x0000000788000000, 0x00000007c0000000)
  eden space 266240K, 6% used [0x000000076ab00000,0x000000076bb7e720,0x000000077af00000)
  from space 103424K, 0% used [0x000000077af00000,0x000000077af00000,0x0000000781400000)
  to   space 96768K, 0% used [0x0000000781400000,0x0000000781400000,0x0000000787280000)
 ParOldGen       total 399360K, used 399218K [0x00000006c0000000, 0x00000006d8600000, 0x000000076ab00000)
  object space 399360K, 99% used [0x00000006c0000000,0x00000006d85dc988,0x00000006d8600000)
 Metaspace       used 6582K, capacity 7282K, committed 7552K, reserved 1056768K
  class space    used 600K, capacity 618K, committed 640K, reserved 1048576K
}
Event: 44.241 GC heap before
{Heap before GC invocations=28 (full 9):
 PSYoungGen      total 369664K, used 266240K [0x000000076ab00000, 0x0000000788000000, 0x00000007c0000000)
  eden space 266240K, 100% used [0x000000076ab00000,0x000000077af00000,0x000000077af00000)
  from space 103424K, 0% used [0x000000077af00000,0x000000077af00000,0x0000000781400000)
  to   space 96768K, 0% used [0x0000000781400000,0x0000000781400000,0x0000000787280000)
 ParOldGen       total 399360K, used 399218K [0x00000006c0000000, 0x00000006d8600000, 0x000000076ab00000)
  object space 399360K, 99% used [0x00000006c0000000,0x00000006d85dc988,0x00000006d8600000)
 Metaspace       used 6582K, capacity 7282K, committed 7552K, reserved 1056768K
  class space    used 600K, capacity 618K, committed 640K, reserved 1048576K
Event: 45.781 GC heap after
Heap after GC invocations=28 (full 9):
 PSYoungGen      total 369664K, used 132752K [0x000000076ab00000, 0x0000000788000000, 0x00000007c0000000)
  eden space 266240K, 49% used [0x000000076ab00000,0x0000000772ca4048,0x000000077af00000)
  from space 103424K, 0% used [0x000000077af00000,0x000000077af00000,0x0000000781400000)
  to   space 96768K, 0% used [0x0000000781400000,0x0000000781400000,0x0000000787280000)
 ParOldGen       total 399360K, used 398891K [0x00000006c0000000, 0x00000006d8600000, 0x000000076ab00000)
  object space 399360K, 99% used [0x00000006c0000000,0x00000006d858adf0,0x00000006d8600000)
 Metaspace       used 6582K, capacity 7282K, committed 7552K, reserved 1056768K
  class space    used 600K, capacity 618K, committed 640K, reserved 1048576K
}
Event: 46.103 GC heap before
{Heap before GC invocations=29 (full 10):
 PSYoungGen      total 369664K, used 266240K [0x000000076ab00000, 0x0000000788000000, 0x00000007c0000000)
  eden space 266240K, 100% used [0x000000076ab00000,0x000000077af00000,0x000000077af00000)
  from space 103424K, 0% used [0x000000077af00000,0x000000077af00000,0x0000000781400000)
  to   space 96768K, 0% used [0x0000000781400000,0x0000000781400000,0x0000000787280000)
 ParOldGen       total 399360K, used 398891K [0x00000006c0000000, 0x00000006d8600000, 0x000000076ab00000)
  object space 399360K, 99% used [0x00000006c0000000,0x00000006d858adf0,0x00000006d8600000)
 Metaspace       used 6582K, capacity 7282K, committed 7552K, reserved 1056768K
  class space    used 600K, capacity 618K, committed 640K, reserved 1048576K
Event: 48.009 GC heap after
Heap after GC invocations=29 (full 10):
 PSYoungGen      total 369664K, used 110174K [0x000000076ab00000, 0x0000000788000000, 0x00000007c0000000)
  eden space 266240K, 41% used [0x000000076ab00000,0x0000000771697990,0x000000077af00000)
  from space 103424K, 0% used [0x000000077af00000,0x000000077af00000,0x0000000781400000)
  to   space 96768K, 0% used [0x0000000781400000,0x0000000781400000,0x0000000787280000)
 ParOldGen       total 399360K, used 398905K [0x00000006c0000000, 0x00000006d8600000, 0x000000076ab00000)
  object space 399360K, 99% used [0x00000006c0000000,0x00000006d858e720,0x00000006d8600000)
 Metaspace       used 6582K, capacity 7282K, committed 7552K, reserved 1056768K
  class space    used 600K, capacity 618K, committed 640K, reserved 1048576K
}
Event: 49.005 GC heap before
{Heap before GC invocations=30 (full 11):
 PSYoungGen      total 369664K, used 266240K [0x000000076ab00000, 0x0000000788000000, 0x00000007c0000000)
  eden space 266240K, 100% used [0x000000076ab00000,0x000000077af00000,0x000000077af00000)
  from space 103424K, 0% used [0x000000077af00000,0x000000077af00000,0x0000000781400000)
  to   space 96768K, 0% used [0x0000000781400000,0x0000000781400000,0x0000000787280000)
 ParOldGen       total 399360K, used 398905K [0x00000006c0000000, 0x00000006d8600000, 0x000000076ab00000)
  object space 399360K, 99% used [0x00000006c0000000,0x00000006d858e720,0x00000006d8600000)
 Metaspace       used 6582K, capacity 7282K, committed 7552K, reserved 1056768K
  class space    used 600K, capacity 618K, committed 640K, reserved 1048576K
Event: 50.412 GC heap after
Heap after GC invocations=30 (full 11):
 PSYoungGen      total 369664K, used 75242K [0x000000076ab00000, 0x0000000788000000, 0x00000007c0000000)
  eden space 266240K, 28% used [0x000000076ab00000,0x000000076f47ab20,0x000000077af00000)
  from space 103424K, 0% used [0x000000077af00000,0x000000077af00000,0x0000000781400000)
  to   space 96768K, 0% used [0x0000000781400000,0x0000000781400000,0x0000000787280000)
 ParOldGen       total 399360K, used 399149K [0x00000006c0000000, 0x00000006d8600000, 0x000000076ab00000)
  object space 399360K, 99% used [0x00000006c0000000,0x00000006d85cb798,0x00000006d8600000)
 Metaspace       used 6582K, capacity 7282K, committed 7552K, reserved 1056768K
  class space    used 600K, capacity 618K, committed 640K, reserved 1048576K
}

