# JRE version: OpenJDK Runtime Environment (8.0_76-b03) (build 1.8.0_76-release-b03)
# Java VM: OpenJDK 64-Bit Server VM (25.76-b03 mixed mode windows-amd64 compressed oops)
Heap:
 PSYoungGen      total 74240K, used 53756K [0x00000000eab00000, 0x00000000f0c80000, 0x0000000100000000)
  eden space 55296K, 62% used [0x00000000eab00000,0x00000000ecd01300,0x00000000ee100000)
  from space 18944K, 99% used [0x00000000ee100000,0x00000000ef37de50,0x00000000ef380000)
  to   space 16896K, 0% used [0x00000000ef380000,0x00000000ef380000,0x00000000f0400000)
 ParOldGen       total 100352K, used 43493K [0x00000000c0000000, 0x00000000c6200000, 0x00000000eab00000)
  object space 100352K, 43% used [0x00000000c0000000,0x00000000c2a79538,0x00000000c6200000)
 Metaspace       used 6492K, capacity 7218K, committed 7296K, reserved 1056768K
  class space    used 598K, capacity 618K, committed 640K, reserved 1048576K
GC Heap History (10 events):
Event: 7.133 GC heap before
{Heap before GC invocations=7 (full 1):
 PSYoungGen      total 52224K, used 2545K [0x00000000eab00000, 0x00000000f4f00000, 0x0000000100000000)
  eden space 49664K, 0% used [0x00000000eab00000,0x00000000eab00000,0x00000000edb80000)
  from space 2560K, 99% used [0x00000000eed80000,0x00000000eeffc7a0,0x00000000ef000000)
  to   space 18432K, 0% used [0x00000000edb80000,0x00000000edb80000,0x00000000eed80000)
 ParOldGen       total 44032K, used 36430K [0x00000000c0000000, 0x00000000c2b00000, 0x00000000eab00000)
  object space 44032K, 82% used [0x00000000c0000000,0x00000000c2393990,0x00000000c2b00000)
 Metaspace       used 6320K, capacity 7216K, committed 7296K, reserved 1056768K
  class space    used 579K, capacity 616K, committed 640K, reserved 1048576K
Event: 7.805 GC heap after
Heap after GC invocations=7 (full 1):
 PSYoungGen      total 52224K, used 0K [0x00000000eab00000, 0x00000000f4f00000, 0x0000000100000000)
  eden space 49664K, 0% used [0x00000000eab00000,0x00000000eab00000,0x00000000edb80000)
  from space 2560K, 0% used [0x00000000eed80000,0x00000000eed80000,0x00000000ef000000)
  to   space 18432K, 0% used [0x00000000edb80000,0x00000000edb80000,0x00000000eed80000)
 ParOldGen       total 44032K, used 32999K [0x00000000c0000000, 0x00000000c2b00000, 0x00000000eab00000)
  object space 44032K, 74% used [0x00000000c0000000,0x00000000c2039f78,0x00000000c2b00000)
 Metaspace       used 6320K, capacity 7216K, committed 7296K, reserved 1056768K
  class space    used 579K, capacity 616K, committed 640K, reserved 1048576K
}
Event: 8.250 GC heap before
{Heap before GC invocations=8 (full 2):
 PSYoungGen      total 52224K, used 49664K [0x00000000eab00000, 0x00000000f4f00000, 0x0000000100000000)
  eden space 49664K, 100% used [0x00000000eab00000,0x00000000edb80000,0x00000000edb80000)
  from space 2560K, 0% used [0x00000000eed80000,0x00000000eed80000,0x00000000ef000000)
  to   space 18432K, 0% used [0x00000000edb80000,0x00000000edb80000,0x00000000eed80000)
 ParOldGen       total 44032K, used 32999K [0x00000000c0000000, 0x00000000c2b00000, 0x00000000eab00000)
  object space 44032K, 74% used [0x00000000c0000000,0x00000000c2039f78,0x00000000c2b00000)
 Metaspace       used 6347K, capacity 7216K, committed 7296K, reserved 1056768K
  class space    used 579K, capacity 616K, committed 640K, reserved 1048576K
Event: 8.946 GC heap after
Heap after GC invocations=8 (full 2):
 PSYoungGen      total 52224K, used 0K [0x00000000eab00000, 0x00000000f4f00000, 0x0000000100000000)
  eden space 49664K, 0% used [0x00000000eab00000,0x00000000eab00000,0x00000000edb80000)
  from space 2560K, 0% used [0x00000000eed80000,0x00000000eed80000,0x00000000ef000000)
  to   space 18432K, 0% used [0x00000000edb80000,0x00000000edb80000,0x00000000eed80000)
 ParOldGen       total 100352K, used 39549K [0x00000000c0000000, 0x00000000c6200000, 0x00000000eab00000)
  object space 100352K, 39% used [0x00000000c0000000,0x00000000c269f5c8,0x00000000c6200000)
 Metaspace       used 6347K, capacity 7216K, committed 7296K, reserved 1056768K
  class space    used 579K, capacity 616K, committed 640K, reserved 1048576K
}
Event: 9.363 GC heap before
{Heap before GC invocations=9 (full 2):
 PSYoungGen      total 52224K, used 49664K [0x00000000eab00000, 0x00000000f4f00000, 0x0000000100000000)
  eden space 49664K, 100% used [0x00000000eab00000,0x00000000edb80000,0x00000000edb80000)
  from space 2560K, 0% used [0x00000000eed80000,0x00000000eed80000,0x00000000ef000000)
  to   space 18432K, 0% used [0x00000000edb80000,0x00000000edb80000,0x00000000eed80000)
 ParOldGen       total 100352K, used 39549K [0x00000000c0000000, 0x00000000c6200000, 0x00000000eab00000)
  object space 100352K, 39% used [0x00000000c0000000,0x00000000c269f5c8,0x00000000c6200000)
 Metaspace       used 6474K, capacity 7218K, committed 7296K, reserved 1056768K
  class space    used 598K, capacity 618K, committed 640K, reserved 1048576K
Event: 9.388 GC heap after
Heap after GC invocations=9 (full 2):
 PSYoungGen      total 68096K, used 7616K [0x00000000eab00000, 0x00000000f0400000, 0x0000000100000000)
  eden space 49664K, 0% used [0x00000000eab00000,0x00000000eab00000,0x00000000edb80000)
  from space 18432K, 41% used [0x00000000edb80000,0x00000000ee2f0000,0x00000000eed80000)
  to   space 16896K, 0% used [0x00000000ef380000,0x00000000ef380000,0x00000000f0400000)
 ParOldGen       total 100352K, used 39557K [0x00000000c0000000, 0x00000000c6200000, 0x00000000eab00000)
  object space 100352K, 39% used [0x00000000c0000000,0x00000000c26a15c8,0x00000000c6200000)
 Metaspace       used 6474K, capacity 7218K, committed 7296K, reserved 1056768K
  class space    used 598K, capacity 618K, committed 640K, reserved 1048576K
}
Event: 9.711 GC heap before
{Heap before GC invocations=10 (full 2):
 PSYoungGen      total 68096K, used 57280K [0x00000000eab00000, 0x00000000f0400000, 0x0000000100000000)
  eden space 49664K, 100% used [0x00000000eab00000,0x00000000edb80000,0x00000000edb80000)
  from space 18432K, 41% used [0x00000000edb80000,0x00000000ee2f0000,0x00000000eed80000)
  to   space 16896K, 0% used [0x00000000ef380000,0x00000000ef380000,0x00000000f0400000)
 ParOldGen       total 100352K, used 39557K [0x00000000c0000000, 0x00000000c6200000, 0x00000000eab00000)
  object space 100352K, 39% used [0x00000000c0000000,0x00000000c26a15c8,0x00000000c6200000)
 Metaspace       used 6481K, capacity 7218K, committed 7296K, reserved 1056768K
  class space    used 598K, capacity 618K, committed 640K, reserved 1048576K
Event: 9.828 GC heap after
Heap after GC invocations=10 (full 2):
 PSYoungGen      total 72192K, used 14848K [0x00000000eab00000, 0x00000000f0c80000, 0x0000000100000000)
  eden space 55296K, 0% used [0x00000000eab00000,0x00000000eab00000,0x00000000ee100000)
  from space 16896K, 87% used [0x00000000ef380000,0x00000000f0200380,0x00000000f0400000)
  to   space 18944K, 0% used [0x00000000ee100000,0x00000000ee100000,0x00000000ef380000)
 ParOldGen       total 100352K, used 39557K [0x00000000c0000000, 0x00000000c6200000, 0x00000000eab00000)
  object space 100352K, 39% used [0x00000000c0000000,0x00000000c26a15c8,0x00000000c6200000)
 Metaspace       used 6481K, capacity 7218K, committed 7296K, reserved 1056768K
  class space    used 598K, capacity 618K, committed 640K, reserved 1048576K
}
Event: 10.603 GC heap before
{Heap before GC invocations=11 (full 2):
 PSYoungGen      total 72192K, used 70144K [0x00000000eab00000, 0x00000000f0c80000, 0x0000000100000000)
  eden space 55296K, 100% used [0x00000000eab00000,0x00000000ee100000,0x00000000ee100000)
  from space 16896K, 87% used [0x00000000ef380000,0x00000000f0200380,0x00000000f0400000)
  to   space 18944K, 0% used [0x00000000ee100000,0x00000000ee100000,0x00000000ef380000)
 ParOldGen       total 100352K, used 39557K [0x00000000c0000000, 0x00000000c6200000, 0x00000000eab00000)
  object space 100352K, 39% used [0x00000000c0000000,0x00000000c26a15c8,0x00000000c6200000)
 Metaspace       used 6488K, capacity 7218K, committed 7296K, reserved 1056768K
  class space    used 598K, capacity 618K, committed 640K, reserved 1048576K
Event: 10.742 GC heap after
Heap after GC invocations=11 (full 2):
 PSYoungGen      total 74240K, used 18935K [0x00000000eab00000, 0x00000000f0c80000, 0x0000000100000000)
  eden space 55296K, 0% used [0x00000000eab00000,0x00000000eab00000,0x00000000ee100000)
  from space 18944K, 99% used [0x00000000ee100000,0x00000000ef37de50,0x00000000ef380000)
  to   space 16896K, 0% used [0x00000000ef380000,0x00000000ef380000,0x00000000f0400000)
 ParOldGen       total 100352K, used 43493K [0x00000000c0000000, 0x00000000c6200000, 0x00000000eab00000)
  object space 100352K, 43% used [0x00000000c0000000,0x00000000c2a79538,0x00000000c6200000)
 Metaspace       used 6488K, capacity 7218K, committed 7296K, reserved 1056768K
  class space    used 598K, capacity 618K, committed 640K, reserved 1048576K
}

