# JRE version: OpenJDK Runtime Environment (8.0_112-b06) (build 1.8.0_112-release-b06)
# Java VM: OpenJDK 64-Bit Server VM (25.112-b06 mixed mode windows-amd64 compressed oops)
Heap:
 PSYoungGen      total 231424K, used 131326K [0x00000000eab00000, 0x00000000ffa80000, 0x0000000100000000)
  eden space 121856K, 24% used [0x00000000eab00000,0x00000000ec886fe8,0x00000000f2200000)
  from space 109568K, 92% used [0x00000000f8c00000,0x00000000feeb8960,0x00000000ff700000)
  to   space 108544K, 0% used [0x00000000f2200000,0x00000000f2200000,0x00000000f8c00000)
 ParOldGen       total 699392K, used 554417K [0x00000000c0000000, 0x00000000eab00000, 0x00000000eab00000)
  object space 699392K, 79% used [0x00000000c0000000,0x00000000e1d6c418,0x00000000eab00000)
 Metaspace       used 6634K, capacity 7282K, committed 7552K, reserved 1056768K
  class space    used 602K, capacity 618K, committed 640K, reserved 1048576K
GC Heap History (10 events):
Event: 53.681 GC heap before
{Heap before GC invocations=41 (full 8):
 PSYoungGen      total 232960K, used 116736K [0x00000000eab00000, 0x0000000100000000, 0x0000000100000000)
  eden space 116736K, 100% used [0x00000000eab00000,0x00000000f1d00000,0x00000000f1d00000)
  from space 116224K, 0% used [0x00000000f8e80000,0x00000000f8e80000,0x0000000100000000)
  to   space 116224K, 0% used [0x00000000f1d00000,0x00000000f1d00000,0x00000000f8e80000)
 ParOldGen       total 699392K, used 578211K [0x00000000c0000000, 0x00000000eab00000, 0x00000000eab00000)
  object space 699392K, 82% used [0x00000000c0000000,0x00000000e34a8ce0,0x00000000eab00000)
 Metaspace       used 6634K, capacity 7282K, committed 7552K, reserved 1056768K
  class space    used 602K, capacity 618K, committed 640K, reserved 1048576K
Event: 53.731 GC heap after
Heap after GC invocations=41 (full 8):
 PSYoungGen      total 166912K, used 50071K [0x00000000eab00000, 0x00000000ffd00000, 0x0000000100000000)
  eden space 116736K, 0% used [0x00000000eab00000,0x00000000eab00000,0x00000000f1d00000)
  from space 50176K, 99% used [0x00000000f1d00000,0x00000000f4de5dd0,0x00000000f4e00000)
  to   space 114688K, 0% used [0x00000000f8d00000,0x00000000f8d00000,0x00000000ffd00000)
 ParOldGen       total 699392K, used 578211K [0x00000000c0000000, 0x00000000eab00000, 0x00000000eab00000)
  object space 699392K, 82% used [0x00000000c0000000,0x00000000e34a8ce0,0x00000000eab00000)
 Metaspace       used 6634K, capacity 7282K, committed 7552K, reserved 1056768K
  class space    used 602K, capacity 618K, committed 640K, reserved 1048576K
}
Event: 54.016 GC heap before
{Heap before GC invocations=42 (full 8):
 PSYoungGen      total 166912K, used 166807K [0x00000000eab00000, 0x00000000ffd00000, 0x0000000100000000)
  eden space 116736K, 100% used [0x00000000eab00000,0x00000000f1d00000,0x00000000f1d00000)
  from space 50176K, 99% used [0x00000000f1d00000,0x00000000f4de5dd0,0x00000000f4e00000)
  to   space 114688K, 0% used [0x00000000f8d00000,0x00000000f8d00000,0x00000000ffd00000)
 ParOldGen       total 699392K, used 578211K [0x00000000c0000000, 0x00000000eab00000, 0x00000000eab00000)
  object space 699392K, 82% used [0x00000000c0000000,0x00000000e34a8ce0,0x00000000eab00000)
 Metaspace       used 6634K, capacity 7282K, committed 7552K, reserved 1056768K
  class space    used 602K, capacity 618K, committed 640K, reserved 1048576K
Event: 54.108 GC heap after
Heap after GC invocations=42 (full 8):
 PSYoungGen      total 229888K, used 80453K [0x00000000eab00000, 0x0000000100000000, 0x0000000100000000)
  eden space 115200K, 0% used [0x00000000eab00000,0x00000000eab00000,0x00000000f1b80000)
  from space 114688K, 70% used [0x00000000f8d00000,0x00000000fdb91648,0x00000000ffd00000)
  to   space 116224K, 0% used [0x00000000f1b80000,0x00000000f1b80000,0x00000000f8d00000)
 ParOldGen       total 699392K, used 578211K [0x00000000c0000000, 0x00000000eab00000, 0x00000000eab00000)
  object space 699392K, 82% used [0x00000000c0000000,0x00000000e34a8ce0,0x00000000eab00000)
 Metaspace       used 6634K, capacity 7282K, committed 7552K, reserved 1056768K
  class space    used 602K, capacity 618K, committed 640K, reserved 1048576K
}
Event: 54.844 GC heap before
{Heap before GC invocations=43 (full 8):
 PSYoungGen      total 229888K, used 195653K [0x00000000eab00000, 0x0000000100000000, 0x0000000100000000)
  eden space 115200K, 100% used [0x00000000eab00000,0x00000000f1b80000,0x00000000f1b80000)
  from space 114688K, 70% used [0x00000000f8d00000,0x00000000fdb91648,0x00000000ffd00000)
  to   space 116224K, 0% used [0x00000000f1b80000,0x00000000f1b80000,0x00000000f8d00000)
 ParOldGen       total 699392K, used 578211K [0x00000000c0000000, 0x00000000eab00000, 0x00000000eab00000)
  object space 699392K, 82% used [0x00000000c0000000,0x00000000e34a8ce0,0x00000000eab00000)
 Metaspace       used 6634K, capacity 7282K, committed 7552K, reserved 1056768K
  class space    used 602K, capacity 618K, committed 640K, reserved 1048576K
Event: 54.974 GC heap after
Heap after GC invocations=43 (full 8):
 PSYoungGen      total 231424K, used 65701K [0x00000000eab00000, 0x00000000ffd80000, 0x0000000100000000)
  eden space 115200K, 0% used [0x00000000eab00000,0x00000000eab00000,0x00000000f1b80000)
  from space 116224K, 56% used [0x00000000f1b80000,0x00000000f5ba94c0,0x00000000f8d00000)
  to   space 114176K, 0% used [0x00000000f8e00000,0x00000000f8e00000,0x00000000ffd80000)
 ParOldGen       total 699392K, used 657584K [0x00000000c0000000, 0x00000000eab00000, 0x00000000eab00000)
  object space 699392K, 94% used [0x00000000c0000000,0x00000000e822c298,0x00000000eab00000)
 Metaspace       used 6634K, capacity 7282K, committed 7552K, reserved 1056768K
  class space    used 602K, capacity 618K, committed 640K, reserved 1048576K
}
Event: 54.974 GC heap before
{Heap before GC invocations=44 (full 9):
 PSYoungGen      total 231424K, used 65701K [0x00000000eab00000, 0x00000000ffd80000, 0x0000000100000000)
  eden space 115200K, 0% used [0x00000000eab00000,0x00000000eab00000,0x00000000f1b80000)
  from space 116224K, 56% used [0x00000000f1b80000,0x00000000f5ba94c0,0x00000000f8d00000)
  to   space 114176K, 0% used [0x00000000f8e00000,0x00000000f8e00000,0x00000000ffd80000)
 ParOldGen       total 699392K, used 657584K [0x00000000c0000000, 0x00000000eab00000, 0x00000000eab00000)
  object space 699392K, 94% used [0x00000000c0000000,0x00000000e822c298,0x00000000eab00000)
 Metaspace       used 6634K, capacity 7282K, committed 7552K, reserved 1056768K
  class space    used 602K, capacity 618K, committed 640K, reserved 1048576K
Event: 56.796 GC heap after
Heap after GC invocations=44 (full 9):
 PSYoungGen      total 231424K, used 0K [0x00000000eab00000, 0x00000000ffd80000, 0x0000000100000000)
  eden space 115200K, 0% used [0x00000000eab00000,0x00000000eab00000,0x00000000f1b80000)
  from space 116224K, 0% used [0x00000000f1b80000,0x00000000f1b80000,0x00000000f8d00000)
  to   space 114176K, 0% used [0x00000000f8e00000,0x00000000f8e00000,0x00000000ffd80000)
 ParOldGen       total 699392K, used 554417K [0x00000000c0000000, 0x00000000eab00000, 0x00000000eab00000)
  object space 699392K, 79% used [0x00000000c0000000,0x00000000e1d6c418,0x00000000eab00000)
 Metaspace       used 6634K, capacity 7282K, committed 7552K, reserved 1056768K
  class space    used 602K, capacity 618K, committed 640K, reserved 1048576K
}
Event: 57.065 GC heap before
{Heap before GC invocations=45 (full 9):
 PSYoungGen      total 231424K, used 115200K [0x00000000eab00000, 0x00000000ffd80000, 0x0000000100000000)
  eden space 115200K, 100% used [0x00000000eab00000,0x00000000f1b80000,0x00000000f1b80000)
  from space 116224K, 0% used [0x00000000f1b80000,0x00000000f1b80000,0x00000000f8d00000)
  to   space 114176K, 0% used [0x00000000f8e00000,0x00000000f8e00000,0x00000000ffd80000)
 ParOldGen       total 699392K, used 554417K [0x00000000c0000000, 0x00000000eab00000, 0x00000000eab00000)
  object space 699392K, 79% used [0x00000000c0000000,0x00000000e1d6c418,0x00000000eab00000)
 Metaspace       used 6634K, capacity 7282K, committed 7552K, reserved 1056768K
  class space    used 602K, capacity 618K, committed 640K, reserved 1048576K
Event: 57.108 GC heap after
Heap after GC invocations=45 (full 9):
 PSYoungGen      total 232448K, used 29553K [0x00000000eab00000, 0x00000000ffe00000, 0x0000000100000000)
  eden space 118272K, 0% used [0x00000000eab00000,0x00000000eab00000,0x00000000f1e80000)
  from space 114176K, 25% used [0x00000000f8e00000,0x00000000faadc5d8,0x00000000ffd80000)
  to   space 114176K, 0% used [0x00000000f1e80000,0x00000000f1e80000,0x00000000f8e00000)
 ParOldGen       total 699392K, used 554417K [0x00000000c0000000, 0x00000000eab00000, 0x00000000eab00000)
  object space 699392K, 79% used [0x00000000c0000000,0x00000000e1d6c418,0x00000000eab00000)
 Metaspace       used 6634K, capacity 7282K, committed 7552K, reserved 1056768K
  class space    used 602K, capacity 618K, committed 640K, reserved 1048576K
}

